<?xml version="1.0" encoding="UTF-8"?>
<TestRun id="30fe2dc5-f379-484a-ad52-3c4ff31f5245" name="Administrator@WCS-DEMO01 2013-05-07 15:51:33" runUser="WCS-DEMO01\Administrator" xmlns="http://microsoft.com/schemas/VisualStudio/TeamTest/2010">
  <TestSettings name="Default Test Settings" id="d2c7a03d-dfcb-4ec1-ae25-6400a3229db8">
    <Execution>
      <TestTypeSpecific />
      <AgentRule name="Execution Agents">
      </AgentRule>
    </Execution>
    <Deployment runDeploymentRoot="Administrator_WCS-DEMO01 2013-05-07 15_51_33" />
  </TestSettings>
  <Times creation="2013-05-07T15:51:33.2819036+01:00" queuing="2013-05-07T15:51:33.9537700+01:00" start="2013-05-07T15:51:34.0631436+01:00" finish="2013-05-07T15:52:04.2033828+01:00" />
  <ResultSummary outcome="Failed">
    <Counters total="59" executed="59" passed="56" error="0" failed="3" timeout="0" aborted="0" inconclusive="0" passedButRunAborted="0" notRunnable="0" notExecuted="0" disconnected="0" warning="0" completed="0" inProgress="0" pending="0" />
  </ResultSummary>
  <TestDefinitions>
    <UnitTest name="NoteOutTest" storage="../../../server/wcs.services.test/bin/debug/wcs.services.test.dll" id="b165b39e-5b0c-abea-5b39-75b39d4ee541">
      <Execution id="c58043e5-5e30-4f2c-8f40-7ed7e03148f7" />
      <TestMethod codeBase="C:/TFS/WCS/Content/Code/Server/WCS.Services.Test/bin/Debug/WCS.Services.Test.DLL" adapterTypeName="Microsoft.VisualStudio.TestTools.TestTypes.Unit.UnitTestAdapter, Microsoft.VisualStudio.QualityTools.Tips.UnitTest.Adapter, Version=10.0.0.0, Culture=neutral, PublicKeyToken=b03f5f7f11d50a3a" className="WCS.Services.Test.TimelineCoordinatorTest, WCS.Services.Test, Version=3.1.0.3, Culture=neutral, PublicKeyToken=null" name="NoteOutTest" />
    </UnitTest>
    <UnitTest name="FilterByOrderStatusTest" storage="../../../server/wcs.services.test/bin/debug/wcs.services.test.dll" id="1ceadb69-45fb-9717-0bfb-587b493621bd">
      <Execution id="2a4a4dee-a0e3-4420-b44b-ab916f3a3059" />
      <TestMethod codeBase="C:/TFS/WCS/Content/Code/Server/WCS.Services.Test/bin/Debug/WCS.Services.Test.DLL" adapterTypeName="Microsoft.VisualStudio.TestTools.TestTypes.Unit.UnitTestAdapter, Microsoft.VisualStudio.QualityTools.Tips.UnitTest.Adapter, Version=10.0.0.0, Culture=neutral, PublicKeyToken=b03f5f7f11d50a3a" className="WCS.Services.Test.DepartmentOrderObservableCollectionTests, WCS.Services.Test, Version=3.1.0.3, Culture=neutral, PublicKeyToken=null" name="FilterByOrderStatusTest" />
    </UnitTest>
    <UnitTest name="HideUnhideOrderTest" storage="../../../server/wcs.services.test/bin/debug/wcs.services.test.dll" id="706b359a-a6a6-75cb-07b9-35e158a1398a">
      <Execution id="1df0f4b8-651b-4215-8ccc-742134daf446" />
      <TestMethod codeBase="C:/TFS/WCS/Content/Code/Server/WCS.Services.Test/bin/Debug/WCS.Services.Test.DLL" adapterTypeName="Microsoft.VisualStudio.TestTools.TestTypes.Unit.UnitTestAdapter, Microsoft.VisualStudio.QualityTools.Tips.UnitTest.Adapter, Version=10.0.0.0, Culture=neutral, PublicKeyToken=b03f5f7f11d50a3a" className="WCS.Services.Test.OrdersTest, WCS.Services.Test, Version=3.1.0.3, Culture=neutral, PublicKeyToken=null" name="HideUnhideOrderTest" />
    </UnitTest>
    <UnitTest name="DeleteNoteFailTest" storage="../../../server/wcs.services.test/bin/debug/wcs.services.test.dll" id="703caea2-6165-0939-d3ef-9b61c5e6abff">
      <Execution id="94de2b54-828d-4d67-bb02-8c4f34181f69" />
      <TestMethod codeBase="C:/TFS/WCS/Content/Code/Server/WCS.Services.Test/bin/Debug/WCS.Services.Test.DLL" adapterTypeName="Microsoft.VisualStudio.TestTools.TestTypes.Unit.UnitTestAdapter, Microsoft.VisualStudio.QualityTools.Tips.UnitTest.Adapter, Version=10.0.0.0, Culture=neutral, PublicKeyToken=b03f5f7f11d50a3a" className="WCS.Services.Test.CleanTest, WCS.Services.Test, Version=3.1.0.3, Culture=neutral, PublicKeyToken=null" name="DeleteNoteFailTest" />
    </UnitTest>
    <UnitTest name="FilterByAdmissionStatusTest" storage="../../../server/wcs.services.test/bin/debug/wcs.services.test.dll" id="147579d1-0816-7d01-6737-d0c879871a05">
      <Execution id="1a1ae3cd-618f-49a4-8262-68024cc5915e" />
      <TestMethod codeBase="C:/TFS/WCS/Content/Code/Server/WCS.Services.Test/bin/Debug/WCS.Services.Test.DLL" adapterTypeName="Microsoft.VisualStudio.TestTools.TestTypes.Unit.UnitTestAdapter, Microsoft.VisualStudio.QualityTools.Tips.UnitTest.Adapter, Version=10.0.0.0, Culture=neutral, PublicKeyToken=b03f5f7f11d50a3a" className="WCS.Services.Test.DepartmentOrderObservableCollectionTests, WCS.Services.Test, Version=3.1.0.3, Culture=neutral, PublicKeyToken=null" name="FilterByAdmissionStatusTest" />
    </UnitTest>
    <UnitTest name="UpdateProcedureTimeTest" storage="../../../server/wcs.services.test/bin/debug/wcs.services.test.dll" id="5ee44f0b-f581-d009-1bb2-ef38afd0bdc0">
      <Execution id="57e08355-0179-4543-8db0-b318beabe2a7" />
      <TestMethod codeBase="C:/TFS/WCS/Content/Code/Server/WCS.Services.Test/bin/Debug/WCS.Services.Test.DLL" adapterTypeName="Microsoft.VisualStudio.TestTools.TestTypes.Unit.UnitTestAdapter, Microsoft.VisualStudio.QualityTools.Tips.UnitTest.Adapter, Version=10.0.0.0, Culture=neutral, PublicKeyToken=b03f5f7f11d50a3a" className="WCS.Services.Test.OrdersTest, WCS.Services.Test, Version=3.1.0.3, Culture=neutral, PublicKeyToken=null" name="UpdateProcedureTimeTest" />
    </UnitTest>
    <UnitTest name="OrderCompletedTest" storage="../../../server/wcs.services.test/bin/debug/wcs.services.test.dll" id="807586a3-dd80-e35a-be55-8a7820ed2e2a">
      <Execution id="8c743f23-78cc-43fe-be1e-04ee0ace6d74" />
      <TestMethod codeBase="C:/TFS/WCS/Content/Code/Server/WCS.Services.Test/bin/Debug/WCS.Services.Test.DLL" adapterTypeName="Microsoft.VisualStudio.TestTools.TestTypes.Unit.UnitTestAdapter, Microsoft.VisualStudio.QualityTools.Tips.UnitTest.Adapter, Version=10.0.0.0, Culture=neutral, PublicKeyToken=b03f5f7f11d50a3a" className="WCS.Services.Test.TimelineCoordinatorTest, WCS.Services.Test, Version=3.1.0.3, Culture=neutral, PublicKeyToken=null" name="OrderCompletedTest" />
    </UnitTest>
    <UnitTest name="AcknowledgeNotificationTest" storage="../../../server/wcs.services.test/bin/debug/wcs.services.test.dll" id="ac28ed18-7833-2249-071f-de031c631001">
      <Execution id="4b51248c-5aa3-4aa1-bbd3-e3bba8feec2a" />
      <TestMethod codeBase="C:/TFS/WCS/Content/Code/Server/WCS.Services.Test/bin/Debug/WCS.Services.Test.DLL" adapterTypeName="Microsoft.VisualStudio.TestTools.TestTypes.Unit.UnitTestAdapter, Microsoft.VisualStudio.QualityTools.Tips.UnitTest.Adapter, Version=10.0.0.0, Culture=neutral, PublicKeyToken=b03f5f7f11d50a3a" className="WCS.Services.Test.OrdersTest, WCS.Services.Test, Version=3.1.0.3, Culture=neutral, PublicKeyToken=null" name="AcknowledgeNotificationTest" />
    </UnitTest>
    <UnitTest name="DeleteNoteFailTest" storage="../../../server/wcs.services.test/bin/debug/wcs.services.test.dll" id="2ed6a8bd-1f45-d715-61c1-545276912be4">
      <Execution id="dcb62856-43c4-4f01-9453-445fcbf79505" />
      <TestMethod codeBase="C:/TFS/WCS/Content/Code/Server/WCS.Services.Test/bin/Debug/WCS.Services.Test.DLL" adapterTypeName="Microsoft.VisualStudio.TestTools.TestTypes.Unit.UnitTestAdapter, Microsoft.VisualStudio.QualityTools.Tips.UnitTest.Adapter, Version=10.0.0.0, Culture=neutral, PublicKeyToken=b03f5f7f11d50a3a" className="WCS.Services.Test.OrdersTest, WCS.Services.Test, Version=3.1.0.3, Culture=neutral, PublicKeyToken=null" name="DeleteNoteFailTest" />
    </UnitTest>
    <UnitTest name="FilterByOrderStatusWithHiddenFlagTest" storage="../../../server/wcs.services.test/bin/debug/wcs.services.test.dll" id="b6528b9d-e903-1b26-d4c9-51bbd40b6112">
      <Execution id="d23563fc-734b-4296-bee4-a4a4136626b2" />
      <TestMethod codeBase="C:/TFS/WCS/Content/Code/Server/WCS.Services.Test/bin/Debug/WCS.Services.Test.DLL" adapterTypeName="Microsoft.VisualStudio.TestTools.TestTypes.Unit.UnitTestAdapter, Microsoft.VisualStudio.QualityTools.Tips.UnitTest.Adapter, Version=10.0.0.0, Culture=neutral, PublicKeyToken=b03f5f7f11d50a3a" className="WCS.Services.Test.DepartmentOrderObservableCollectionTests, WCS.Services.Test, Version=3.1.0.3, Culture=neutral, PublicKeyToken=null" name="FilterByOrderStatusWithHiddenFlagTest" />
    </UnitTest>
    <UnitTest name="FilterByOrderStatusTest" storage="../../../server/wcs.services.test/bin/debug/wcs.services.test.dll" id="b0e39bf3-43ea-a19c-d6f5-eff49b5d247c">
      <Execution id="e813c9ae-b87c-4c04-9ac6-1913be3d9fa1" />
      <TestMethod codeBase="C:/TFS/WCS/Content/Code/Server/WCS.Services.Test/bin/Debug/WCS.Services.Test.DLL" adapterTypeName="Microsoft.VisualStudio.TestTools.TestTypes.Unit.UnitTestAdapter, Microsoft.VisualStudio.QualityTools.Tips.UnitTest.Adapter, Version=10.0.0.0, Culture=neutral, PublicKeyToken=b03f5f7f11d50a3a" className="WCS.Services.Test.ViewModel.DepartmentPatientObservableCollectionTests, WCS.Services.Test, Version=3.1.0.3, Culture=neutral, PublicKeyToken=null" name="FilterByOrderStatusTest" />
    </UnitTest>
    <UnitTest name="CheckEstimatedDischargeDateTest" storage="../../../server/wcs.services.test/bin/debug/wcs.services.test.dll" id="83bcbc0b-361b-e46e-9078-10b2342962a1">
      <Execution id="2a9dcda7-044b-47f8-a045-c1ae64341b59" />
      <TestMethod codeBase="C:/TFS/WCS/Content/Code/Server/WCS.Services.Test/bin/Debug/WCS.Services.Test.DLL" adapterTypeName="Microsoft.VisualStudio.TestTools.TestTypes.Unit.UnitTestAdapter, Microsoft.VisualStudio.QualityTools.Tips.UnitTest.Adapter, Version=10.0.0.0, Culture=neutral, PublicKeyToken=b03f5f7f11d50a3a" className="WCS.Services.Test.CleanTest, WCS.Services.Test, Version=3.1.0.3, Culture=neutral, PublicKeyToken=null" name="CheckEstimatedDischargeDateTest" />
    </UnitTest>
    <UnitTest name="RelatedOrdersTest" storage="../../../server/wcs.services.test/bin/debug/wcs.services.test.dll" id="aa578b34-4332-1a73-0f9c-1cecca014087">
      <Execution id="12dbfb52-7f10-40cf-b6ed-af0e85dc14f0" />
      <TestMethod codeBase="C:/TFS/WCS/Content/Code/Server/WCS.Services.Test/bin/Debug/WCS.Services.Test.DLL" adapterTypeName="Microsoft.VisualStudio.TestTools.TestTypes.Unit.UnitTestAdapter, Microsoft.VisualStudio.QualityTools.Tips.UnitTest.Adapter, Version=10.0.0.0, Culture=neutral, PublicKeyToken=b03f5f7f11d50a3a" className="WCS.Services.Test.OrdersTest, WCS.Services.Test, Version=3.1.0.3, Culture=neutral, PublicKeyToken=null" name="RelatedOrdersTest" />
    </UnitTest>
    <UnitTest name="SyncronizeProcedureTimeTest" storage="../../../server/wcs.services.test/bin/debug/wcs.services.test.dll" id="7a7a3263-10ac-0d9d-dc5c-c34b5219adf5">
      <Execution id="772183c4-b662-4fad-963c-0972d0f510d0" />
      <TestMethod codeBase="C:/TFS/WCS/Content/Code/Server/WCS.Services.Test/bin/Debug/WCS.Services.Test.DLL" adapterTypeName="Microsoft.VisualStudio.TestTools.TestTypes.Unit.UnitTestAdapter, Microsoft.VisualStudio.QualityTools.Tips.UnitTest.Adapter, Version=10.0.0.0, Culture=neutral, PublicKeyToken=b03f5f7f11d50a3a" className="WCS.Services.Test.OrderViewModelTest, WCS.Services.Test, Version=3.1.0.3, Culture=neutral, PublicKeyToken=null" name="SyncronizeProcedureTimeTest" />
    </UnitTest>
    <UnitTest name="UpdateProcedureTimeWithSyncronizationDuringUpdateTest" storage="../../../server/wcs.services.test/bin/debug/wcs.services.test.dll" id="9fd5787b-1fba-b8fb-7877-005945c878de">
      <Execution id="5f4bef79-527b-45c6-b6df-94534d5d584c" />
      <TestMethod codeBase="C:/TFS/WCS/Content/Code/Server/WCS.Services.Test/bin/Debug/WCS.Services.Test.DLL" adapterTypeName="Microsoft.VisualStudio.TestTools.TestTypes.Unit.UnitTestAdapter, Microsoft.VisualStudio.QualityTools.Tips.UnitTest.Adapter, Version=10.0.0.0, Culture=neutral, PublicKeyToken=b03f5f7f11d50a3a" className="WCS.Services.Test.OrderViewModelTest, WCS.Services.Test, Version=3.1.0.3, Culture=neutral, PublicKeyToken=null" name="UpdateProcedureTimeWithSyncronizationDuringUpdateTest" />
    </UnitTest>
    <UnitTest name="CheckOrdersForPatientWithTwoAdmissionsTest" storage="../../../server/wcs.services.test/bin/debug/wcs.services.test.dll" id="d4ebea90-2572-8675-7029-24a6b9f7912f">
      <Execution id="dac27f2d-566b-4ebe-a5c1-c66286ea94f0" />
      <TestMethod codeBase="C:/TFS/WCS/Content/Code/Server/WCS.Services.Test/bin/Debug/WCS.Services.Test.DLL" adapterTypeName="Microsoft.VisualStudio.TestTools.TestTypes.Unit.UnitTestAdapter, Microsoft.VisualStudio.QualityTools.Tips.UnitTest.Adapter, Version=10.0.0.0, Culture=neutral, PublicKeyToken=b03f5f7f11d50a3a" className="WCS.Services.Test.OrdersTest, WCS.Services.Test, Version=3.1.0.3, Culture=neutral, PublicKeyToken=null" name="CheckOrdersForPatientWithTwoAdmissionsTest" />
    </UnitTest>
    <UnitTest name="MarkBedAsCleanDirtyTest" storage="../../../server/wcs.services.test/bin/debug/wcs.services.test.dll" id="1398ab92-924d-163f-bfbc-a6f5fe0e5f5b">
      <Execution id="43aebf24-1d87-4192-be19-91f607db2639" />
      <TestMethod codeBase="C:/TFS/WCS/Content/Code/Server/WCS.Services.Test/bin/Debug/WCS.Services.Test.DLL" adapterTypeName="Microsoft.VisualStudio.TestTools.TestTypes.Unit.UnitTestAdapter, Microsoft.VisualStudio.QualityTools.Tips.UnitTest.Adapter, Version=10.0.0.0, Culture=neutral, PublicKeyToken=b03f5f7f11d50a3a" className="WCS.Services.Test.CleanTest, WCS.Services.Test, Version=3.1.0.3, Culture=neutral, PublicKeyToken=null" name="MarkBedAsCleanDirtyTest" />
    </UnitTest>
    <UnitTest name="GetOrdersForOneDepartmentTest" storage="../../../server/wcs.services.test/bin/debug/wcs.services.test.dll" id="6acbb951-eb71-fb99-8ddf-ab7f75a91729">
      <Execution id="63f6be8f-2440-4084-a8c9-35a898e77fe8" />
      <TestMethod codeBase="C:/TFS/WCS/Content/Code/Server/WCS.Services.Test/bin/Debug/WCS.Services.Test.DLL" adapterTypeName="Microsoft.VisualStudio.TestTools.TestTypes.Unit.UnitTestAdapter, Microsoft.VisualStudio.QualityTools.Tips.UnitTest.Adapter, Version=10.0.0.0, Culture=neutral, PublicKeyToken=b03f5f7f11d50a3a" className="WCS.Services.Test.OrdersTest, WCS.Services.Test, Version=3.1.0.3, Culture=neutral, PublicKeyToken=null" name="GetOrdersForOneDepartmentTest" />
    </UnitTest>
    <UnitTest name="GetAllGetDischargesBedDataTest" storage="../../../server/wcs.services.test/bin/debug/wcs.services.test.dll" id="adca6ef4-26ca-d134-e987-7c004554926e">
      <Execution id="aefbe50c-c925-4e12-a3a6-675e7948d42b" />
      <TestMethod codeBase="C:/TFS/WCS/Content/Code/Server/WCS.Services.Test/bin/Debug/WCS.Services.Test.DLL" adapterTypeName="Microsoft.VisualStudio.TestTools.TestTypes.Unit.UnitTestAdapter, Microsoft.VisualStudio.QualityTools.Tips.UnitTest.Adapter, Version=10.0.0.0, Culture=neutral, PublicKeyToken=b03f5f7f11d50a3a" className="WCS.Services.Test.DischargesTest, WCS.Services.Test, Version=3.1.0.3, Culture=neutral, PublicKeyToken=null" name="GetAllGetDischargesBedDataTest" />
    </UnitTest>
    <UnitTest name="CheckPatientRadiationRiskTest" storage="../../../server/wcs.services.test/bin/debug/wcs.services.test.dll" id="5d2f9417-1f36-e1be-26e0-1ddd5ac50a01">
      <Execution id="bca436c4-0156-4908-ac61-c689df9fa093" />
      <TestMethod codeBase="C:/TFS/WCS/Content/Code/Server/WCS.Services.Test/bin/Debug/WCS.Services.Test.DLL" adapterTypeName="Microsoft.VisualStudio.TestTools.TestTypes.Unit.UnitTestAdapter, Microsoft.VisualStudio.QualityTools.Tips.UnitTest.Adapter, Version=10.0.0.0, Culture=neutral, PublicKeyToken=b03f5f7f11d50a3a" className="WCS.Services.Test.OrdersTest, WCS.Services.Test, Version=3.1.0.3, Culture=neutral, PublicKeyToken=null" name="CheckPatientRadiationRiskTest" />
    </UnitTest>
    <UnitTest name="GetAllFreeBedTimesForDateTest" storage="../../../server/wcs.services.test/bin/debug/wcs.services.test.dll" id="16c84594-d480-7fae-20c2-e012b3376244">
      <Execution id="6279b72f-3410-499f-b1f4-6db2ac91b620" />
      <TestMethod codeBase="C:/TFS/WCS/Content/Code/Server/WCS.Services.Test/bin/Debug/WCS.Services.Test.DLL" adapterTypeName="Microsoft.VisualStudio.TestTools.TestTypes.Unit.UnitTestAdapter, Microsoft.VisualStudio.QualityTools.Tips.UnitTest.Adapter, Version=10.0.0.0, Culture=neutral, PublicKeyToken=b03f5f7f11d50a3a" className="WCS.Services.Test.CleanTest, WCS.Services.Test, Version=3.1.0.3, Culture=neutral, PublicKeyToken=null" name="GetAllFreeBedTimesForDateTest" />
    </UnitTest>
    <UnitTest name="SyncronizeAndThenUpdateProcedureTimeTest" storage="../../../server/wcs.services.test/bin/debug/wcs.services.test.dll" id="86000e48-b18e-94a0-5184-f2457dcc7ac6">
      <Execution id="4ccae30c-b0d8-4b6d-8b0a-0fd88e29e7b7" />
      <TestMethod codeBase="C:/TFS/WCS/Content/Code/Server/WCS.Services.Test/bin/Debug/WCS.Services.Test.DLL" adapterTypeName="Microsoft.VisualStudio.TestTools.TestTypes.Unit.UnitTestAdapter, Microsoft.VisualStudio.QualityTools.Tips.UnitTest.Adapter, Version=10.0.0.0, Culture=neutral, PublicKeyToken=b03f5f7f11d50a3a" className="WCS.Services.Test.OrderViewModelTest, WCS.Services.Test, Version=3.1.0.3, Culture=neutral, PublicKeyToken=null" name="SyncronizeAndThenUpdateProcedureTimeTest" />
    </UnitTest>
    <UnitTest name="FilterByLocationTest" storage="../../../server/wcs.services.test/bin/debug/wcs.services.test.dll" id="94a7e3d7-1537-ec4c-f18f-0881118cd982">
      <Execution id="229fc636-3a68-4895-8eb2-0a74df1434d7" />
      <TestMethod codeBase="C:/TFS/WCS/Content/Code/Server/WCS.Services.Test/bin/Debug/WCS.Services.Test.DLL" adapterTypeName="Microsoft.VisualStudio.TestTools.TestTypes.Unit.UnitTestAdapter, Microsoft.VisualStudio.QualityTools.Tips.UnitTest.Adapter, Version=10.0.0.0, Culture=neutral, PublicKeyToken=b03f5f7f11d50a3a" className="WCS.Services.Test.DepartmentOrderObservableCollectionTests, WCS.Services.Test, Version=3.1.0.3, Culture=neutral, PublicKeyToken=null" name="FilterByLocationTest" />
    </UnitTest>
    <UnitTest name="FilterByLocationTest" storage="../../../server/wcs.services.test/bin/debug/wcs.services.test.dll" id="de2cd584-4eca-b743-8342-64583efb12aa">
      <Execution id="e980288e-018d-40fd-86f4-323f5d20e001" />
      <TestMethod codeBase="C:/TFS/WCS/Content/Code/Server/WCS.Services.Test/bin/Debug/WCS.Services.Test.DLL" adapterTypeName="Microsoft.VisualStudio.TestTools.TestTypes.Unit.UnitTestAdapter, Microsoft.VisualStudio.QualityTools.Tips.UnitTest.Adapter, Version=10.0.0.0, Culture=neutral, PublicKeyToken=b03f5f7f11d50a3a" className="WCS.Services.Test.ViewModel.DepartmentPatientObservableCollectionTests, WCS.Services.Test, Version=3.1.0.3, Culture=neutral, PublicKeyToken=null" name="FilterByLocationTest" />
    </UnitTest>
    <UnitTest name="FilterByAdmissionTypeTest" storage="../../../server/wcs.services.test/bin/debug/wcs.services.test.dll" id="62824bc3-7f37-c130-ae0b-5298764213da">
      <Execution id="bee13de8-fdf8-41f8-a0cd-1781f96bf982" />
      <TestMethod codeBase="C:/TFS/WCS/Content/Code/Server/WCS.Services.Test/bin/Debug/WCS.Services.Test.DLL" adapterTypeName="Microsoft.VisualStudio.TestTools.TestTypes.Unit.UnitTestAdapter, Microsoft.VisualStudio.QualityTools.Tips.UnitTest.Adapter, Version=10.0.0.0, Culture=neutral, PublicKeyToken=b03f5f7f11d50a3a" className="WCS.Services.Test.DepartmentOrderObservableCollectionTests, WCS.Services.Test, Version=3.1.0.3, Culture=neutral, PublicKeyToken=null" name="FilterByAdmissionTypeTest" />
    </UnitTest>
    <UnitTest name="GetOrdersForAllLocationsTest" storage="../../../server/wcs.services.test/bin/debug/wcs.services.test.dll" id="90b6d056-82b8-5748-e91c-81b6feec3e65">
      <Execution id="8cea7dcd-96a1-48ab-a31f-fcdfb664f9d9" />
      <TestMethod codeBase="C:/TFS/WCS/Content/Code/Server/WCS.Services.Test/bin/Debug/WCS.Services.Test.DLL" adapterTypeName="Microsoft.VisualStudio.TestTools.TestTypes.Unit.UnitTestAdapter, Microsoft.VisualStudio.QualityTools.Tips.UnitTest.Adapter, Version=10.0.0.0, Culture=neutral, PublicKeyToken=b03f5f7f11d50a3a" className="WCS.Services.Test.OrdersTest, WCS.Services.Test, Version=3.1.0.3, Culture=neutral, PublicKeyToken=null" name="GetOrdersForAllLocationsTest" />
    </UnitTest>
    <UnitTest name="GetConfigurationsTest" storage="../../../server/wcs.services.test/bin/debug/wcs.services.test.dll" id="cc1ce465-d746-70be-3add-9bf2f1ef0704">
      <Execution id="0275138a-2bf4-4088-8b5b-15de220a6923" />
      <TestMethod codeBase="C:/TFS/WCS/Content/Code/Server/WCS.Services.Test/bin/Debug/WCS.Services.Test.DLL" adapterTypeName="Microsoft.VisualStudio.TestTools.TestTypes.Unit.UnitTestAdapter, Microsoft.VisualStudio.QualityTools.Tips.UnitTest.Adapter, Version=10.0.0.0, Culture=neutral, PublicKeyToken=b03f5f7f11d50a3a" className="WCS.Services.Test.ConfigurationTest, WCS.Services.Test, Version=3.1.0.3, Culture=neutral, PublicKeyToken=null" name="GetConfigurationsTest" />
    </UnitTest>
    <UnitTest name="InsertRfidDetectionsThatShouldHaveHappenedByNow" storage="../../../server/wcs.services.test/bin/debug/wcs.services.test.dll" id="e77a3200-2992-57c3-5b1a-5d48c5a58186">
      <Execution id="b543e831-3829-49af-9faa-7e69d03b6d24" />
      <TestMethod codeBase="C:/TFS/WCS/Content/Code/Server/WCS.Services.Test/bin/Debug/WCS.Services.Test.DLL" adapterTypeName="Microsoft.VisualStudio.TestTools.TestTypes.Unit.UnitTestAdapter, Microsoft.VisualStudio.QualityTools.Tips.UnitTest.Adapter, Version=10.0.0.0, Culture=neutral, PublicKeyToken=b03f5f7f11d50a3a" className="WCS.Services.Test.DemoData, WCS.Services.Test, Version=3.1.0.3, Culture=neutral, PublicKeyToken=null" name="InsertRfidDetectionsThatShouldHaveHappenedByNow" />
    </UnitTest>
    <UnitTest name="BedWithTwoAdmissionsTodayShouldHaveAvailabilityBetweenThem" storage="../../../server/wcs.services.test/bin/debug/wcs.services.test.dll" id="f6e6002e-b898-9c6f-c8b7-21e24965b8a3">
      <Execution id="3a33f792-f617-4176-bb09-f01bc4b62320" />
      <TestMethod codeBase="C:/TFS/WCS/Content/Code/Server/WCS.Services.Test/bin/Debug/WCS.Services.Test.DLL" adapterTypeName="Microsoft.VisualStudio.TestTools.TestTypes.Unit.UnitTestAdapter, Microsoft.VisualStudio.QualityTools.Tips.UnitTest.Adapter, Version=10.0.0.0, Culture=neutral, PublicKeyToken=b03f5f7f11d50a3a" className="WCS.Services.Test.CleanTest, WCS.Services.Test, Version=3.1.0.3, Culture=neutral, PublicKeyToken=null" name="BedWithTwoAdmissionsTodayShouldHaveAvailabilityBetweenThem" />
    </UnitTest>
    <UnitTest name="NotificationTypeToVisibilityConverterTest" storage="../../../server/wcs.services.test/bin/debug/wcs.services.test.dll" id="9b8d40e2-a4bb-0826-a917-2ab891e698a4">
      <Execution id="ba863e86-9b03-4f82-99c6-ad1b5c438cdc" />
      <TestMethod codeBase="C:/TFS/WCS/Content/Code/Server/WCS.Services.Test/bin/Debug/WCS.Services.Test.DLL" adapterTypeName="Microsoft.VisualStudio.TestTools.TestTypes.Unit.UnitTestAdapter, Microsoft.VisualStudio.QualityTools.Tips.UnitTest.Adapter, Version=10.0.0.0, Culture=neutral, PublicKeyToken=b03f5f7f11d50a3a" className="WCS.Services.Test.Convertors.NotificationConverterTest, WCS.Services.Test, Version=3.1.0.3, Culture=neutral, PublicKeyToken=null" name="NotificationTypeToVisibilityConverterTest" />
    </UnitTest>
    <UnitTest name="BedsWithNoAdmissionShouldBeAvailableAllDayTest" storage="../../../server/wcs.services.test/bin/debug/wcs.services.test.dll" id="523b7adc-ad80-0f78-7952-a9dae2ad02eb">
      <Execution id="9718bd3c-14f7-4ff8-860f-88558724b861" />
      <TestMethod codeBase="C:/TFS/WCS/Content/Code/Server/WCS.Services.Test/bin/Debug/WCS.Services.Test.DLL" adapterTypeName="Microsoft.VisualStudio.TestTools.TestTypes.Unit.UnitTestAdapter, Microsoft.VisualStudio.QualityTools.Tips.UnitTest.Adapter, Version=10.0.0.0, Culture=neutral, PublicKeyToken=b03f5f7f11d50a3a" className="WCS.Services.Test.CleanTest, WCS.Services.Test, Version=3.1.0.3, Culture=neutral, PublicKeyToken=null" name="BedsWithNoAdmissionShouldBeAvailableAllDayTest" />
    </UnitTest>
    <UnitTest name="AddDeleteNoteTest" storage="../../../server/wcs.services.test/bin/debug/wcs.services.test.dll" id="69e43193-dff0-9b53-8c23-823eac685799">
      <Execution id="998b86ba-24ae-46d2-9102-d5d83fd379c7" />
      <TestMethod codeBase="C:/TFS/WCS/Content/Code/Server/WCS.Services.Test/bin/Debug/WCS.Services.Test.DLL" adapterTypeName="Microsoft.VisualStudio.TestTools.TestTypes.Unit.UnitTestAdapter, Microsoft.VisualStudio.QualityTools.Tips.UnitTest.Adapter, Version=10.0.0.0, Culture=neutral, PublicKeyToken=b03f5f7f11d50a3a" className="WCS.Services.Test.CleanTest, WCS.Services.Test, Version=3.1.0.3, Culture=neutral, PublicKeyToken=null" name="AddDeleteNoteTest" />
    </UnitTest>
    <UnitTest name="PerformanceTest" storage="../../../server/wcs.services.test/bin/debug/wcs.services.test.dll" id="ba15989c-8180-569b-80a6-97e9754ff77a">
      <Execution id="b41e7f2b-3d16-47ba-86ef-c8cba0e0b06b" />
      <TestMethod codeBase="C:/TFS/WCS/Content/Code/Server/WCS.Services.Test/bin/Debug/WCS.Services.Test.DLL" adapterTypeName="Microsoft.VisualStudio.TestTools.TestTypes.Unit.UnitTestAdapter, Microsoft.VisualStudio.QualityTools.Tips.UnitTest.Adapter, Version=10.0.0.0, Culture=neutral, PublicKeyToken=b03f5f7f11d50a3a" className="WCS.Services.Test.CleanTest, WCS.Services.Test, Version=3.1.0.3, Culture=neutral, PublicKeyToken=null" name="PerformanceTest" />
    </UnitTest>
    <UnitTest name="BedWithAdmissionYesterdayRequiresDeepCleanTest" storage="../../../server/wcs.services.test/bin/debug/wcs.services.test.dll" id="0bce5e76-a5ef-5b4b-35e3-68671967c55d">
      <Execution id="ffb1b08a-206a-4781-a43e-dc325d9db1e6" />
      <TestMethod codeBase="C:/TFS/WCS/Content/Code/Server/WCS.Services.Test/bin/Debug/WCS.Services.Test.DLL" adapterTypeName="Microsoft.VisualStudio.TestTools.TestTypes.Unit.UnitTestAdapter, Microsoft.VisualStudio.QualityTools.Tips.UnitTest.Adapter, Version=10.0.0.0, Culture=neutral, PublicKeyToken=b03f5f7f11d50a3a" className="WCS.Services.Test.CleanTest, WCS.Services.Test, Version=3.1.0.3, Culture=neutral, PublicKeyToken=null" name="BedWithAdmissionYesterdayRequiresDeepCleanTest" />
    </UnitTest>
    <UnitTest name="LookAtOrderInDetailTest" storage="../../../server/wcs.services.test/bin/debug/wcs.services.test.dll" id="01b49734-9a95-3356-f525-6254544b49b4">
      <Execution id="0cc589bf-8925-4f4a-b2d7-34f5d9e1c946" />
      <TestMethod codeBase="C:/TFS/WCS/Content/Code/Server/WCS.Services.Test/bin/Debug/WCS.Services.Test.DLL" adapterTypeName="Microsoft.VisualStudio.TestTools.TestTypes.Unit.UnitTestAdapter, Microsoft.VisualStudio.QualityTools.Tips.UnitTest.Adapter, Version=10.0.0.0, Culture=neutral, PublicKeyToken=b03f5f7f11d50a3a" className="WCS.Services.Test.OrdersTest, WCS.Services.Test, Version=3.1.0.3, Culture=neutral, PublicKeyToken=null" name="LookAtOrderInDetailTest" />
    </UnitTest>
    <UnitTest name="UpdateProcedureTimeTest" storage="../../../server/wcs.services.test/bin/debug/wcs.services.test.dll" id="dd302f63-b65f-08ec-a43e-ed2d5c5fa0d5">
      <Execution id="a857f316-ba85-40a0-9a2e-539c0fbbd144" />
      <TestMethod codeBase="C:/TFS/WCS/Content/Code/Server/WCS.Services.Test/bin/Debug/WCS.Services.Test.DLL" adapterTypeName="Microsoft.VisualStudio.TestTools.TestTypes.Unit.UnitTestAdapter, Microsoft.VisualStudio.QualityTools.Tips.UnitTest.Adapter, Version=10.0.0.0, Culture=neutral, PublicKeyToken=b03f5f7f11d50a3a" className="WCS.Services.Test.OrderViewModelTest, WCS.Services.Test, Version=3.1.0.3, Culture=neutral, PublicKeyToken=null" name="UpdateProcedureTimeTest" />
    </UnitTest>
    <UnitTest name="AddDeleteNoteTest" storage="../../../server/wcs.services.test/bin/debug/wcs.services.test.dll" id="a212e1f0-7bc2-05c6-61d7-b8fcde1c7c77">
      <Execution id="d18d4393-adbb-4611-b99f-bef1d4b99ecb" />
      <TestMethod codeBase="C:/TFS/WCS/Content/Code/Server/WCS.Services.Test/bin/Debug/WCS.Services.Test.DLL" adapterTypeName="Microsoft.VisualStudio.TestTools.TestTypes.Unit.UnitTestAdapter, Microsoft.VisualStudio.QualityTools.Tips.UnitTest.Adapter, Version=10.0.0.0, Culture=neutral, PublicKeyToken=b03f5f7f11d50a3a" className="WCS.Services.Test.OrdersTest, WCS.Services.Test, Version=3.1.0.3, Culture=neutral, PublicKeyToken=null" name="AddDeleteNoteTest" />
    </UnitTest>
    <UnitTest name="GetPresenceDataTest" storage="../../../server/wcs.services.test/bin/debug/wcs.services.test.dll" id="7c8c2656-5bd9-c7fe-d42d-102cc5d7d271">
      <Execution id="df876e62-9061-418e-9ce6-7d7404e4248e" />
      <TestMethod codeBase="C:/TFS/WCS/Content/Code/Server/WCS.Services.Test/bin/Debug/WCS.Services.Test.DLL" adapterTypeName="Microsoft.VisualStudio.TestTools.TestTypes.Unit.UnitTestAdapter, Microsoft.VisualStudio.QualityTools.Tips.UnitTest.Adapter, Version=10.0.0.0, Culture=neutral, PublicKeyToken=b03f5f7f11d50a3a" className="WCS.Services.Test.DevicesTest, WCS.Services.Test, Version=3.1.0.3, Culture=neutral, PublicKeyToken=null" name="GetPresenceDataTest" />
    </UnitTest>
    <UnitTest name="GetOrdersForOneWardTest" storage="../../../server/wcs.services.test/bin/debug/wcs.services.test.dll" id="fd0a1761-2fa5-6106-02d8-2b29836676e9">
      <Execution id="408f6bde-2257-44f0-8dbb-4065e43bfa9b" />
      <TestMethod codeBase="C:/TFS/WCS/Content/Code/Server/WCS.Services.Test/bin/Debug/WCS.Services.Test.DLL" adapterTypeName="Microsoft.VisualStudio.TestTools.TestTypes.Unit.UnitTestAdapter, Microsoft.VisualStudio.QualityTools.Tips.UnitTest.Adapter, Version=10.0.0.0, Culture=neutral, PublicKeyToken=b03f5f7f11d50a3a" className="WCS.Services.Test.OrdersTest, WCS.Services.Test, Version=3.1.0.3, Culture=neutral, PublicKeyToken=null" name="GetOrdersForOneWardTest" />
    </UnitTest>
    <UnitTest name="MarkBedsAsCleanDemoData" storage="../../../server/wcs.services.test/bin/debug/wcs.services.test.dll" id="7c77a401-1bd8-0cca-c942-1457767d92c8">
      <Execution id="b0ac414a-720d-4ede-847b-018c8e761431" />
      <TestMethod codeBase="C:/TFS/WCS/Content/Code/Server/WCS.Services.Test/bin/Debug/WCS.Services.Test.DLL" adapterTypeName="Microsoft.VisualStudio.TestTools.TestTypes.Unit.UnitTestAdapter, Microsoft.VisualStudio.QualityTools.Tips.UnitTest.Adapter, Version=10.0.0.0, Culture=neutral, PublicKeyToken=b03f5f7f11d50a3a" className="WCS.Services.Test.DemoData, WCS.Services.Test, Version=3.1.0.3, Culture=neutral, PublicKeyToken=null" name="MarkBedsAsCleanDemoData" />
    </UnitTest>
    <UnitTest name="CheckBedWeKnowIsARadiationRiskTest" storage="../../../server/wcs.services.test/bin/debug/wcs.services.test.dll" id="65d5eac2-32cb-d2ae-fd45-4b45373c887e">
      <Execution id="ff56ba7c-8cff-4204-b09b-27f3317ceade" />
      <TestMethod codeBase="C:/TFS/WCS/Content/Code/Server/WCS.Services.Test/bin/Debug/WCS.Services.Test.DLL" adapterTypeName="Microsoft.VisualStudio.TestTools.TestTypes.Unit.UnitTestAdapter, Microsoft.VisualStudio.QualityTools.Tips.UnitTest.Adapter, Version=10.0.0.0, Culture=neutral, PublicKeyToken=b03f5f7f11d50a3a" className="WCS.Services.Test.CleanTest, WCS.Services.Test, Version=3.1.0.3, Culture=neutral, PublicKeyToken=null" name="CheckBedWeKnowIsARadiationRiskTest" />
    </UnitTest>
    <UnitTest name="AuthenticateFailTest" storage="../../../server/wcs.services.test/bin/debug/wcs.services.test.dll" id="ca4b34fe-1f28-609f-1b42-a878fd7e8bbf">
      <Execution id="1a6c6d2b-820f-47b8-b02c-a8b8b815ce64" />
      <TestMethod codeBase="C:/TFS/WCS/Content/Code/Server/WCS.Services.Test/bin/Debug/WCS.Services.Test.DLL" adapterTypeName="Microsoft.VisualStudio.TestTools.TestTypes.Unit.UnitTestAdapter, Microsoft.VisualStudio.QualityTools.Tips.UnitTest.Adapter, Version=10.0.0.0, Culture=neutral, PublicKeyToken=b03f5f7f11d50a3a" className="WCS.Services.Test.SecurityTest, WCS.Services.Test, Version=3.1.0.3, Culture=neutral, PublicKeyToken=null" name="AuthenticateFailTest" />
    </UnitTest>
    <UnitTest name="ClearTest" storage="../../../server/wcs.services.test/bin/debug/wcs.services.test.dll" id="7492517c-1d5e-2736-e8bf-432ea9c7d970">
      <Execution id="46afe793-9aa0-4c46-b690-4458ecc19eec" />
      <TestMethod codeBase="C:/TFS/WCS/Content/Code/Server/WCS.Services.Test/bin/Debug/WCS.Services.Test.DLL" adapterTypeName="Microsoft.VisualStudio.TestTools.TestTypes.Unit.UnitTestAdapter, Microsoft.VisualStudio.QualityTools.Tips.UnitTest.Adapter, Version=10.0.0.0, Culture=neutral, PublicKeyToken=b03f5f7f11d50a3a" className="WCS.Services.Test.ClientAdmissionStatusTests, WCS.Services.Test, Version=3.1.0.3, Culture=neutral, PublicKeyToken=null" name="ClearTest" />
    </UnitTest>
    <UnitTest name="PAT001RfidTest" storage="../../../server/wcs.services.test/bin/debug/wcs.services.test.dll" id="08de56d0-12bd-2f75-df12-b0e872d63c53">
      <Execution id="e13689fe-7b8a-4e2a-bd4e-3c223258de0c" />
      <TestMethod codeBase="C:/TFS/WCS/Content/Code/Server/WCS.Services.Test/bin/Debug/WCS.Services.Test.DLL" adapterTypeName="Microsoft.VisualStudio.TestTools.TestTypes.Unit.UnitTestAdapter, Microsoft.VisualStudio.QualityTools.Tips.UnitTest.Adapter, Version=10.0.0.0, Culture=neutral, PublicKeyToken=b03f5f7f11d50a3a" className="WCS.Services.Test.RfidTest, WCS.Services.Test, Version=3.1.0.3, Culture=neutral, PublicKeyToken=null" name="PAT001RfidTest" />
    </UnitTest>
    <UnitTest name="IsSetMultipleTest" storage="../../../server/wcs.services.test/bin/debug/wcs.services.test.dll" id="301daa25-1239-07c8-189c-e2e8bf397e49">
      <Execution id="e253e3dc-02d3-4b95-a0f9-67f71b62b403" />
      <TestMethod codeBase="C:/TFS/WCS/Content/Code/Server/WCS.Services.Test/bin/Debug/WCS.Services.Test.DLL" adapterTypeName="Microsoft.VisualStudio.TestTools.TestTypes.Unit.UnitTestAdapter, Microsoft.VisualStudio.QualityTools.Tips.UnitTest.Adapter, Version=10.0.0.0, Culture=neutral, PublicKeyToken=b03f5f7f11d50a3a" className="WCS.Services.Test.ClientAdmissionStatusTests, WCS.Services.Test, Version=3.1.0.3, Culture=neutral, PublicKeyToken=null" name="IsSetMultipleTest" />
    </UnitTest>
    <UnitTest name="ToggleTest" storage="../../../server/wcs.services.test/bin/debug/wcs.services.test.dll" id="f0f46ff5-bf96-8082-2169-1050721c806e">
      <Execution id="b685c1b2-bc19-4e95-a8d7-15ac23d9954d" />
      <TestMethod codeBase="C:/TFS/WCS/Content/Code/Server/WCS.Services.Test/bin/Debug/WCS.Services.Test.DLL" adapterTypeName="Microsoft.VisualStudio.TestTools.TestTypes.Unit.UnitTestAdapter, Microsoft.VisualStudio.QualityTools.Tips.UnitTest.Adapter, Version=10.0.0.0, Culture=neutral, PublicKeyToken=b03f5f7f11d50a3a" className="WCS.Services.Test.ClientAdmissionStatusTests, WCS.Services.Test, Version=3.1.0.3, Culture=neutral, PublicKeyToken=null" name="ToggleTest" />
    </UnitTest>
    <UnitTest name="BedWithMrsaPatientAdmittedThisMorningShouldHavePositiveMrsaStatus" storage="../../../server/wcs.services.test/bin/debug/wcs.services.test.dll" id="b8398a0a-8a70-1a54-ca66-d60fcfed232d">
      <Execution id="75d53566-3c35-44e8-839b-3090f31bae6f" />
      <TestMethod codeBase="C:/TFS/WCS/Content/Code/Server/WCS.Services.Test/bin/Debug/WCS.Services.Test.DLL" adapterTypeName="Microsoft.VisualStudio.TestTools.TestTypes.Unit.UnitTestAdapter, Microsoft.VisualStudio.QualityTools.Tips.UnitTest.Adapter, Version=10.0.0.0, Culture=neutral, PublicKeyToken=b03f5f7f11d50a3a" className="WCS.Services.Test.CleanTest, WCS.Services.Test, Version=3.1.0.3, Culture=neutral, PublicKeyToken=null" name="BedWithMrsaPatientAdmittedThisMorningShouldHavePositiveMrsaStatus" />
    </UnitTest>
    <UnitTest name="AuthenticateSuccessTest" storage="../../../server/wcs.services.test/bin/debug/wcs.services.test.dll" id="0a57bcbb-7ab6-367a-6f83-d95617eecd13">
      <Execution id="3156163e-e7ef-4524-b578-0ed563b03f3c" />
      <TestMethod codeBase="C:/TFS/WCS/Content/Code/Server/WCS.Services.Test/bin/Debug/WCS.Services.Test.DLL" adapterTypeName="Microsoft.VisualStudio.TestTools.TestTypes.Unit.UnitTestAdapter, Microsoft.VisualStudio.QualityTools.Tips.UnitTest.Adapter, Version=10.0.0.0, Culture=neutral, PublicKeyToken=b03f5f7f11d50a3a" className="WCS.Services.Test.SecurityTest, WCS.Services.Test, Version=3.1.0.3, Culture=neutral, PublicKeyToken=null" name="AuthenticateSuccessTest" />
    </UnitTest>
    <UnitTest name="UpdatingEstimatedDischargeDateShouldCreateAnUpdateRecordTest" storage="../../../server/wcs.services.test/bin/debug/wcs.services.test.dll" id="3c343507-d1e1-44ae-6f0c-5e13d4222c04">
      <Execution id="f388c3b4-f3f9-4206-a9c4-37e46705e905" />
      <TestMethod codeBase="C:/TFS/WCS/Content/Code/Server/WCS.Services.Test/bin/Debug/WCS.Services.Test.DLL" adapterTypeName="Microsoft.VisualStudio.TestTools.TestTypes.Unit.UnitTestAdapter, Microsoft.VisualStudio.QualityTools.Tips.UnitTest.Adapter, Version=10.0.0.0, Culture=neutral, PublicKeyToken=b03f5f7f11d50a3a" className="WCS.Services.Test.DischargesTest, WCS.Services.Test, Version=3.1.0.3, Culture=neutral, PublicKeyToken=null" name="UpdatingEstimatedDischargeDateShouldCreateAnUpdateRecordTest" />
    </UnitTest>
    <UnitTest name="GetAllFreeBedTimesForDateTest" storage="../../../server/wcs.services.test/bin/debug/wcs.services.test.dll" id="180c2d50-017b-40d1-084e-d7b311e765f7">
      <Execution id="5270d1bf-ae5d-4a06-a185-20a466ceaa40" />
      <TestMethod codeBase="C:/TFS/WCS/Content/Code/Server/WCS.Services.Test/bin/Debug/WCS.Services.Test.DLL" adapterTypeName="Microsoft.VisualStudio.TestTools.TestTypes.Unit.UnitTestAdapter, Microsoft.VisualStudio.QualityTools.Tips.UnitTest.Adapter, Version=10.0.0.0, Culture=neutral, PublicKeyToken=b03f5f7f11d50a3a" className="WCS.Services.Test.DischargesTest, WCS.Services.Test, Version=3.1.0.3, Culture=neutral, PublicKeyToken=null" name="GetAllFreeBedTimesForDateTest" />
    </UnitTest>
    <UnitTest name="GetAdmissionsDataTest" storage="../../../server/wcs.services.test/bin/debug/wcs.services.test.dll" id="430e986c-3de9-9b49-0030-51c2b6c4bff5">
      <Execution id="74a5c168-cf39-4695-8de5-0121d9052dcf" />
      <TestMethod codeBase="C:/TFS/WCS/Content/Code/Server/WCS.Services.Test/bin/Debug/WCS.Services.Test.DLL" adapterTypeName="Microsoft.VisualStudio.TestTools.TestTypes.Unit.UnitTestAdapter, Microsoft.VisualStudio.QualityTools.Tips.UnitTest.Adapter, Version=10.0.0.0, Culture=neutral, PublicKeyToken=b03f5f7f11d50a3a" className="WCS.Services.Test.AdmissionsTest, WCS.Services.Test, Version=3.1.0.3, Culture=neutral, PublicKeyToken=null" name="GetAdmissionsDataTest" />
    </UnitTest>
    <UnitTest name="SetORDN008ToHappenSoonForDemo" storage="../../../server/wcs.services.test/bin/debug/wcs.services.test.dll" id="d500072f-2be3-fbbe-20e2-24855874311e">
      <Execution id="1fcfbc57-ad64-44f8-803f-b2a38c3b2776" />
      <TestMethod codeBase="C:/TFS/WCS/Content/Code/Server/WCS.Services.Test/bin/Debug/WCS.Services.Test.DLL" adapterTypeName="Microsoft.VisualStudio.TestTools.TestTypes.Unit.UnitTestAdapter, Microsoft.VisualStudio.QualityTools.Tips.UnitTest.Adapter, Version=10.0.0.0, Culture=neutral, PublicKeyToken=b03f5f7f11d50a3a" className="WCS.Services.Test.DemoData, WCS.Services.Test, Version=3.1.0.3, Culture=neutral, PublicKeyToken=null" name="SetORDN008ToHappenSoonForDemo" />
    </UnitTest>
    <UnitTest name="SyncronizeTest" storage="../../../server/wcs.services.test/bin/debug/wcs.services.test.dll" id="aed6e57c-8ae5-1ec4-7df4-be7cb9a3ba60">
      <Execution id="33140a4c-9f76-4686-bd95-4a02935c43cd" />
      <TestMethod codeBase="C:/TFS/WCS/Content/Code/Server/WCS.Services.Test/bin/Debug/WCS.Services.Test.DLL" adapterTypeName="Microsoft.VisualStudio.TestTools.TestTypes.Unit.UnitTestAdapter, Microsoft.VisualStudio.QualityTools.Tips.UnitTest.Adapter, Version=10.0.0.0, Culture=neutral, PublicKeyToken=b03f5f7f11d50a3a" className="WCS.Services.Test.OrderViewModelTest, WCS.Services.Test, Version=3.1.0.3, Culture=neutral, PublicKeyToken=null" name="SyncronizeTest" />
    </UnitTest>
    <UnitTest name="FilterByOrderStatusWithHiddenFlagTest" storage="../../../server/wcs.services.test/bin/debug/wcs.services.test.dll" id="6035bdea-c63f-c9fd-76c4-96ad98562066">
      <Execution id="d8bf4b6a-0790-4fcb-bbd7-607c0c159f9a" />
      <TestMethod codeBase="C:/TFS/WCS/Content/Code/Server/WCS.Services.Test/bin/Debug/WCS.Services.Test.DLL" adapterTypeName="Microsoft.VisualStudio.TestTools.TestTypes.Unit.UnitTestAdapter, Microsoft.VisualStudio.QualityTools.Tips.UnitTest.Adapter, Version=10.0.0.0, Culture=neutral, PublicKeyToken=b03f5f7f11d50a3a" className="WCS.Services.Test.ViewModel.DepartmentPatientObservableCollectionTests, WCS.Services.Test, Version=3.1.0.3, Culture=neutral, PublicKeyToken=null" name="FilterByOrderStatusWithHiddenFlagTest" />
    </UnitTest>
    <UnitTest name="BedWithDischargeTodayShouldHaveAvailabilityAfterThat" storage="../../../server/wcs.services.test/bin/debug/wcs.services.test.dll" id="8fa087a8-93f9-6da4-bee8-c86ba4b78f1d">
      <Execution id="1913f774-d30b-4dfd-a603-caec7006814a" />
      <TestMethod codeBase="C:/TFS/WCS/Content/Code/Server/WCS.Services.Test/bin/Debug/WCS.Services.Test.DLL" adapterTypeName="Microsoft.VisualStudio.TestTools.TestTypes.Unit.UnitTestAdapter, Microsoft.VisualStudio.QualityTools.Tips.UnitTest.Adapter, Version=10.0.0.0, Culture=neutral, PublicKeyToken=b03f5f7f11d50a3a" className="WCS.Services.Test.CleanTest, WCS.Services.Test, Version=3.1.0.3, Culture=neutral, PublicKeyToken=null" name="BedWithDischargeTodayShouldHaveAvailabilityAfterThat" />
    </UnitTest>
    <UnitTest name="IsSetTest" storage="../../../server/wcs.services.test/bin/debug/wcs.services.test.dll" id="26f93875-1d21-0229-f2f4-3637c209cbf2">
      <Execution id="2ccf3226-3862-44b2-b71e-c9fc061a6f26" />
      <TestMethod codeBase="C:/TFS/WCS/Content/Code/Server/WCS.Services.Test/bin/Debug/WCS.Services.Test.DLL" adapterTypeName="Microsoft.VisualStudio.TestTools.TestTypes.Unit.UnitTestAdapter, Microsoft.VisualStudio.QualityTools.Tips.UnitTest.Adapter, Version=10.0.0.0, Culture=neutral, PublicKeyToken=b03f5f7f11d50a3a" className="WCS.Services.Test.ClientAdmissionStatusTests, WCS.Services.Test, Version=3.1.0.3, Culture=neutral, PublicKeyToken=null" name="IsSetTest" />
    </UnitTest>
    <UnitTest name="BedWithAdmissionArrivingAfterStartOfDayShouldHaveAvailabilityBeforeThat" storage="../../../server/wcs.services.test/bin/debug/wcs.services.test.dll" id="01735ac9-1fac-3146-5daa-b75d7f765f49">
      <Execution id="e96ec60c-ca1c-4c08-afa6-f82a42be7550" />
      <TestMethod codeBase="C:/TFS/WCS/Content/Code/Server/WCS.Services.Test/bin/Debug/WCS.Services.Test.DLL" adapterTypeName="Microsoft.VisualStudio.TestTools.TestTypes.Unit.UnitTestAdapter, Microsoft.VisualStudio.QualityTools.Tips.UnitTest.Adapter, Version=10.0.0.0, Culture=neutral, PublicKeyToken=b03f5f7f11d50a3a" className="WCS.Services.Test.CleanTest, WCS.Services.Test, Version=3.1.0.3, Culture=neutral, PublicKeyToken=null" name="BedWithAdmissionArrivingAfterStartOfDayShouldHaveAvailabilityBeforeThat" />
    </UnitTest>
    <UnitTest name="CheckEmergencyRoomOrderTest" storage="../../../server/wcs.services.test/bin/debug/wcs.services.test.dll" id="3691d567-a2db-4db2-56d6-acf052542f7c">
      <Execution id="8cd80f64-06ed-4b48-95b8-a0f40a866a08" />
      <TestMethod codeBase="C:/TFS/WCS/Content/Code/Server/WCS.Services.Test/bin/Debug/WCS.Services.Test.DLL" adapterTypeName="Microsoft.VisualStudio.TestTools.TestTypes.Unit.UnitTestAdapter, Microsoft.VisualStudio.QualityTools.Tips.UnitTest.Adapter, Version=10.0.0.0, Culture=neutral, PublicKeyToken=b03f5f7f11d50a3a" className="WCS.Services.Test.OrdersTest, WCS.Services.Test, Version=3.1.0.3, Culture=neutral, PublicKeyToken=null" name="CheckEmergencyRoomOrderTest" />
    </UnitTest>
    <UnitTest name="GetLatestPollingTimeoutsTest" storage="../../../server/wcs.services.test/bin/debug/wcs.services.test.dll" id="23e97091-2ff8-3ecc-cebd-0b2b7d0dcc31">
      <Execution id="be43c50c-2abd-4310-b802-938f8de563d2" />
      <TestMethod codeBase="C:/TFS/WCS/Content/Code/Server/WCS.Services.Test/bin/Debug/WCS.Services.Test.DLL" adapterTypeName="Microsoft.VisualStudio.TestTools.TestTypes.Unit.UnitTestAdapter, Microsoft.VisualStudio.QualityTools.Tips.UnitTest.Adapter, Version=10.0.0.0, Culture=neutral, PublicKeyToken=b03f5f7f11d50a3a" className="WCS.Services.Test.ConfigurationTest, WCS.Services.Test, Version=3.1.0.3, Culture=neutral, PublicKeyToken=null" name="GetLatestPollingTimeoutsTest" />
    </UnitTest>
  </TestDefinitions>
  <TestLists>
    <TestList name="Results Not in a List" id="8c84fa94-04c1-424b-9868-57a2d4851a1d" />
    <TestList name="All Loaded Results" id="19431567-8539-422a-85d7-44ee4e166bda" />
  </TestLists>
  <TestEntries>
    <TestEntry testId="430e986c-3de9-9b49-0030-51c2b6c4bff5" executionId="74a5c168-cf39-4695-8de5-0121d9052dcf" testListId="8c84fa94-04c1-424b-9868-57a2d4851a1d" />
    <TestEntry testId="69e43193-dff0-9b53-8c23-823eac685799" executionId="998b86ba-24ae-46d2-9102-d5d83fd379c7" testListId="8c84fa94-04c1-424b-9868-57a2d4851a1d" />
    <TestEntry testId="523b7adc-ad80-0f78-7952-a9dae2ad02eb" executionId="9718bd3c-14f7-4ff8-860f-88558724b861" testListId="8c84fa94-04c1-424b-9868-57a2d4851a1d" />
    <TestEntry testId="01735ac9-1fac-3146-5daa-b75d7f765f49" executionId="e96ec60c-ca1c-4c08-afa6-f82a42be7550" testListId="8c84fa94-04c1-424b-9868-57a2d4851a1d" />
    <TestEntry testId="0bce5e76-a5ef-5b4b-35e3-68671967c55d" executionId="ffb1b08a-206a-4781-a43e-dc325d9db1e6" testListId="8c84fa94-04c1-424b-9868-57a2d4851a1d" />
    <TestEntry testId="8fa087a8-93f9-6da4-bee8-c86ba4b78f1d" executionId="1913f774-d30b-4dfd-a603-caec7006814a" testListId="8c84fa94-04c1-424b-9868-57a2d4851a1d" />
    <TestEntry testId="b8398a0a-8a70-1a54-ca66-d60fcfed232d" executionId="75d53566-3c35-44e8-839b-3090f31bae6f" testListId="8c84fa94-04c1-424b-9868-57a2d4851a1d" />
    <TestEntry testId="f6e6002e-b898-9c6f-c8b7-21e24965b8a3" executionId="3a33f792-f617-4176-bb09-f01bc4b62320" testListId="8c84fa94-04c1-424b-9868-57a2d4851a1d" />
    <TestEntry testId="65d5eac2-32cb-d2ae-fd45-4b45373c887e" executionId="ff56ba7c-8cff-4204-b09b-27f3317ceade" testListId="8c84fa94-04c1-424b-9868-57a2d4851a1d" />
    <TestEntry testId="83bcbc0b-361b-e46e-9078-10b2342962a1" executionId="2a9dcda7-044b-47f8-a045-c1ae64341b59" testListId="8c84fa94-04c1-424b-9868-57a2d4851a1d" />
    <TestEntry testId="703caea2-6165-0939-d3ef-9b61c5e6abff" executionId="94de2b54-828d-4d67-bb02-8c4f34181f69" testListId="8c84fa94-04c1-424b-9868-57a2d4851a1d" />
    <TestEntry testId="16c84594-d480-7fae-20c2-e012b3376244" executionId="6279b72f-3410-499f-b1f4-6db2ac91b620" testListId="8c84fa94-04c1-424b-9868-57a2d4851a1d" />
    <TestEntry testId="1398ab92-924d-163f-bfbc-a6f5fe0e5f5b" executionId="43aebf24-1d87-4192-be19-91f607db2639" testListId="8c84fa94-04c1-424b-9868-57a2d4851a1d" />
    <TestEntry testId="ba15989c-8180-569b-80a6-97e9754ff77a" executionId="b41e7f2b-3d16-47ba-86ef-c8cba0e0b06b" testListId="8c84fa94-04c1-424b-9868-57a2d4851a1d" />
    <TestEntry testId="7492517c-1d5e-2736-e8bf-432ea9c7d970" executionId="46afe793-9aa0-4c46-b690-4458ecc19eec" testListId="8c84fa94-04c1-424b-9868-57a2d4851a1d" />
    <TestEntry testId="301daa25-1239-07c8-189c-e2e8bf397e49" executionId="e253e3dc-02d3-4b95-a0f9-67f71b62b403" testListId="8c84fa94-04c1-424b-9868-57a2d4851a1d" />
    <TestEntry testId="26f93875-1d21-0229-f2f4-3637c209cbf2" executionId="2ccf3226-3862-44b2-b71e-c9fc061a6f26" testListId="8c84fa94-04c1-424b-9868-57a2d4851a1d" />
    <TestEntry testId="f0f46ff5-bf96-8082-2169-1050721c806e" executionId="b685c1b2-bc19-4e95-a8d7-15ac23d9954d" testListId="8c84fa94-04c1-424b-9868-57a2d4851a1d" />
    <TestEntry testId="cc1ce465-d746-70be-3add-9bf2f1ef0704" executionId="0275138a-2bf4-4088-8b5b-15de220a6923" testListId="8c84fa94-04c1-424b-9868-57a2d4851a1d" />
    <TestEntry testId="23e97091-2ff8-3ecc-cebd-0b2b7d0dcc31" executionId="be43c50c-2abd-4310-b802-938f8de563d2" testListId="8c84fa94-04c1-424b-9868-57a2d4851a1d" />
    <TestEntry testId="9b8d40e2-a4bb-0826-a917-2ab891e698a4" executionId="ba863e86-9b03-4f82-99c6-ad1b5c438cdc" testListId="8c84fa94-04c1-424b-9868-57a2d4851a1d" />
    <TestEntry testId="e77a3200-2992-57c3-5b1a-5d48c5a58186" executionId="b543e831-3829-49af-9faa-7e69d03b6d24" testListId="8c84fa94-04c1-424b-9868-57a2d4851a1d" />
    <TestEntry testId="7c77a401-1bd8-0cca-c942-1457767d92c8" executionId="b0ac414a-720d-4ede-847b-018c8e761431" testListId="8c84fa94-04c1-424b-9868-57a2d4851a1d" />
    <TestEntry testId="d500072f-2be3-fbbe-20e2-24855874311e" executionId="1fcfbc57-ad64-44f8-803f-b2a38c3b2776" testListId="8c84fa94-04c1-424b-9868-57a2d4851a1d" />
    <TestEntry testId="147579d1-0816-7d01-6737-d0c879871a05" executionId="1a1ae3cd-618f-49a4-8262-68024cc5915e" testListId="8c84fa94-04c1-424b-9868-57a2d4851a1d" />
    <TestEntry testId="62824bc3-7f37-c130-ae0b-5298764213da" executionId="bee13de8-fdf8-41f8-a0cd-1781f96bf982" testListId="8c84fa94-04c1-424b-9868-57a2d4851a1d" />
    <TestEntry testId="94a7e3d7-1537-ec4c-f18f-0881118cd982" executionId="229fc636-3a68-4895-8eb2-0a74df1434d7" testListId="8c84fa94-04c1-424b-9868-57a2d4851a1d" />
    <TestEntry testId="1ceadb69-45fb-9717-0bfb-587b493621bd" executionId="2a4a4dee-a0e3-4420-b44b-ab916f3a3059" testListId="8c84fa94-04c1-424b-9868-57a2d4851a1d" />
    <TestEntry testId="b6528b9d-e903-1b26-d4c9-51bbd40b6112" executionId="d23563fc-734b-4296-bee4-a4a4136626b2" testListId="8c84fa94-04c1-424b-9868-57a2d4851a1d" />
    <TestEntry testId="7c8c2656-5bd9-c7fe-d42d-102cc5d7d271" executionId="df876e62-9061-418e-9ce6-7d7404e4248e" testListId="8c84fa94-04c1-424b-9868-57a2d4851a1d" />
    <TestEntry testId="180c2d50-017b-40d1-084e-d7b311e765f7" executionId="5270d1bf-ae5d-4a06-a185-20a466ceaa40" testListId="8c84fa94-04c1-424b-9868-57a2d4851a1d" />
    <TestEntry testId="adca6ef4-26ca-d134-e987-7c004554926e" executionId="aefbe50c-c925-4e12-a3a6-675e7948d42b" testListId="8c84fa94-04c1-424b-9868-57a2d4851a1d" />
    <TestEntry testId="3c343507-d1e1-44ae-6f0c-5e13d4222c04" executionId="f388c3b4-f3f9-4206-a9c4-37e46705e905" testListId="8c84fa94-04c1-424b-9868-57a2d4851a1d" />
    <TestEntry testId="ac28ed18-7833-2249-071f-de031c631001" executionId="4b51248c-5aa3-4aa1-bbd3-e3bba8feec2a" testListId="8c84fa94-04c1-424b-9868-57a2d4851a1d" />
    <TestEntry testId="a212e1f0-7bc2-05c6-61d7-b8fcde1c7c77" executionId="d18d4393-adbb-4611-b99f-bef1d4b99ecb" testListId="8c84fa94-04c1-424b-9868-57a2d4851a1d" />
    <TestEntry testId="3691d567-a2db-4db2-56d6-acf052542f7c" executionId="8cd80f64-06ed-4b48-95b8-a0f40a866a08" testListId="8c84fa94-04c1-424b-9868-57a2d4851a1d" />
    <TestEntry testId="d4ebea90-2572-8675-7029-24a6b9f7912f" executionId="dac27f2d-566b-4ebe-a5c1-c66286ea94f0" testListId="8c84fa94-04c1-424b-9868-57a2d4851a1d" />
    <TestEntry testId="5d2f9417-1f36-e1be-26e0-1ddd5ac50a01" executionId="bca436c4-0156-4908-ac61-c689df9fa093" testListId="8c84fa94-04c1-424b-9868-57a2d4851a1d" />
    <TestEntry testId="2ed6a8bd-1f45-d715-61c1-545276912be4" executionId="dcb62856-43c4-4f01-9453-445fcbf79505" testListId="8c84fa94-04c1-424b-9868-57a2d4851a1d" />
    <TestEntry testId="90b6d056-82b8-5748-e91c-81b6feec3e65" executionId="8cea7dcd-96a1-48ab-a31f-fcdfb664f9d9" testListId="8c84fa94-04c1-424b-9868-57a2d4851a1d" />
    <TestEntry testId="6acbb951-eb71-fb99-8ddf-ab7f75a91729" executionId="63f6be8f-2440-4084-a8c9-35a898e77fe8" testListId="8c84fa94-04c1-424b-9868-57a2d4851a1d" />
    <TestEntry testId="fd0a1761-2fa5-6106-02d8-2b29836676e9" executionId="408f6bde-2257-44f0-8dbb-4065e43bfa9b" testListId="8c84fa94-04c1-424b-9868-57a2d4851a1d" />
    <TestEntry testId="706b359a-a6a6-75cb-07b9-35e158a1398a" executionId="1df0f4b8-651b-4215-8ccc-742134daf446" testListId="8c84fa94-04c1-424b-9868-57a2d4851a1d" />
    <TestEntry testId="01b49734-9a95-3356-f525-6254544b49b4" executionId="0cc589bf-8925-4f4a-b2d7-34f5d9e1c946" testListId="8c84fa94-04c1-424b-9868-57a2d4851a1d" />
    <TestEntry testId="aa578b34-4332-1a73-0f9c-1cecca014087" executionId="12dbfb52-7f10-40cf-b6ed-af0e85dc14f0" testListId="8c84fa94-04c1-424b-9868-57a2d4851a1d" />
    <TestEntry testId="5ee44f0b-f581-d009-1bb2-ef38afd0bdc0" executionId="57e08355-0179-4543-8db0-b318beabe2a7" testListId="8c84fa94-04c1-424b-9868-57a2d4851a1d" />
    <TestEntry testId="86000e48-b18e-94a0-5184-f2457dcc7ac6" executionId="4ccae30c-b0d8-4b6d-8b0a-0fd88e29e7b7" testListId="8c84fa94-04c1-424b-9868-57a2d4851a1d" />
    <TestEntry testId="7a7a3263-10ac-0d9d-dc5c-c34b5219adf5" executionId="772183c4-b662-4fad-963c-0972d0f510d0" testListId="8c84fa94-04c1-424b-9868-57a2d4851a1d" />
    <TestEntry testId="aed6e57c-8ae5-1ec4-7df4-be7cb9a3ba60" executionId="33140a4c-9f76-4686-bd95-4a02935c43cd" testListId="8c84fa94-04c1-424b-9868-57a2d4851a1d" />
    <TestEntry testId="dd302f63-b65f-08ec-a43e-ed2d5c5fa0d5" executionId="a857f316-ba85-40a0-9a2e-539c0fbbd144" testListId="8c84fa94-04c1-424b-9868-57a2d4851a1d" />
    <TestEntry testId="9fd5787b-1fba-b8fb-7877-005945c878de" executionId="5f4bef79-527b-45c6-b6df-94534d5d584c" testListId="8c84fa94-04c1-424b-9868-57a2d4851a1d" />
    <TestEntry testId="08de56d0-12bd-2f75-df12-b0e872d63c53" executionId="e13689fe-7b8a-4e2a-bd4e-3c223258de0c" testListId="8c84fa94-04c1-424b-9868-57a2d4851a1d" />
    <TestEntry testId="ca4b34fe-1f28-609f-1b42-a878fd7e8bbf" executionId="1a6c6d2b-820f-47b8-b02c-a8b8b815ce64" testListId="8c84fa94-04c1-424b-9868-57a2d4851a1d" />
    <TestEntry testId="0a57bcbb-7ab6-367a-6f83-d95617eecd13" executionId="3156163e-e7ef-4524-b578-0ed563b03f3c" testListId="8c84fa94-04c1-424b-9868-57a2d4851a1d" />
    <TestEntry testId="b165b39e-5b0c-abea-5b39-75b39d4ee541" executionId="c58043e5-5e30-4f2c-8f40-7ed7e03148f7" testListId="8c84fa94-04c1-424b-9868-57a2d4851a1d" />
    <TestEntry testId="807586a3-dd80-e35a-be55-8a7820ed2e2a" executionId="8c743f23-78cc-43fe-be1e-04ee0ace6d74" testListId="8c84fa94-04c1-424b-9868-57a2d4851a1d" />
    <TestEntry testId="de2cd584-4eca-b743-8342-64583efb12aa" executionId="e980288e-018d-40fd-86f4-323f5d20e001" testListId="8c84fa94-04c1-424b-9868-57a2d4851a1d" />
    <TestEntry testId="b0e39bf3-43ea-a19c-d6f5-eff49b5d247c" executionId="e813c9ae-b87c-4c04-9ac6-1913be3d9fa1" testListId="8c84fa94-04c1-424b-9868-57a2d4851a1d" />
    <TestEntry testId="6035bdea-c63f-c9fd-76c4-96ad98562066" executionId="d8bf4b6a-0790-4fcb-bbd7-607c0c159f9a" testListId="8c84fa94-04c1-424b-9868-57a2d4851a1d" />
  </TestEntries>
  <Results>
    <UnitTestResult executionId="74a5c168-cf39-4695-8de5-0121d9052dcf" testId="430e986c-3de9-9b49-0030-51c2b6c4bff5" testName="GetAdmissionsDataTest" computerName="WCS-DEMO01" duration="00:00:01.2967580" startTime="2013-05-07T15:51:34.0631436+01:00" endTime="2013-05-07T15:51:36.1412420+01:00" testType="13cdc9d9-ddb5-4fa4-a97d-d965ccfc6d4b" outcome="Passed" testListId="8c84fa94-04c1-424b-9868-57a2d4851a1d" relativeResultsDirectory="74a5c168-cf39-4695-8de5-0121d9052dcf">
    </UnitTestResult>
    <UnitTestResult executionId="998b86ba-24ae-46d2-9102-d5d83fd379c7" testId="69e43193-dff0-9b53-8c23-823eac685799" testName="AddDeleteNoteTest" computerName="WCS-DEMO01" duration="00:00:01.8307896" startTime="2013-05-07T15:51:36.1568668+01:00" endTime="2013-05-07T15:51:38.0005932+01:00" testType="13cdc9d9-ddb5-4fa4-a97d-d965ccfc6d4b" outcome="Passed" testListId="8c84fa94-04c1-424b-9868-57a2d4851a1d" relativeResultsDirectory="998b86ba-24ae-46d2-9102-d5d83fd379c7">
    </UnitTestResult>
    <UnitTestResult executionId="9718bd3c-14f7-4ff8-860f-88558724b861" testId="523b7adc-ad80-0f78-7952-a9dae2ad02eb" testName="BedsWithNoAdmissionShouldBeAvailableAllDayTest" computerName="WCS-DEMO01" duration="00:00:00.3246238" startTime="2013-05-07T15:51:38.0005932+01:00" endTime="2013-05-07T15:51:38.3287140+01:00" testType="13cdc9d9-ddb5-4fa4-a97d-d965ccfc6d4b" outcome="Passed" testListId="8c84fa94-04c1-424b-9868-57a2d4851a1d" relativeResultsDirectory="9718bd3c-14f7-4ff8-860f-88558724b861">
    </UnitTestResult>
    <UnitTestResult executionId="e96ec60c-ca1c-4c08-afa6-f82a42be7550" testId="01735ac9-1fac-3146-5daa-b75d7f765f49" testName="BedWithAdmissionArrivingAfterStartOfDayShouldHaveAvailabilityBeforeThat" computerName="WCS-DEMO01" duration="00:00:00.3140044" startTime="2013-05-07T15:51:38.3443388+01:00" endTime="2013-05-07T15:51:38.6568348+01:00" testType="13cdc9d9-ddb5-4fa4-a97d-d965ccfc6d4b" outcome="Passed" testListId="8c84fa94-04c1-424b-9868-57a2d4851a1d" relativeResultsDirectory="e96ec60c-ca1c-4c08-afa6-f82a42be7550">
    </UnitTestResult>
    <UnitTestResult executionId="ffb1b08a-206a-4781-a43e-dc325d9db1e6" testId="0bce5e76-a5ef-5b4b-35e3-68671967c55d" testName="BedWithAdmissionYesterdayRequiresDeepCleanTest" computerName="WCS-DEMO01" duration="00:00:01.2991842" startTime="2013-05-07T15:51:38.6568348+01:00" endTime="2013-05-07T15:51:39.9693180+01:00" testType="13cdc9d9-ddb5-4fa4-a97d-d965ccfc6d4b" outcome="Passed" testListId="8c84fa94-04c1-424b-9868-57a2d4851a1d" relativeResultsDirectory="ffb1b08a-206a-4781-a43e-dc325d9db1e6">
    </UnitTestResult>
    <UnitTestResult executionId="1913f774-d30b-4dfd-a603-caec7006814a" testId="8fa087a8-93f9-6da4-bee8-c86ba4b78f1d" testName="BedWithDischargeTodayShouldHaveAvailabilityAfterThat" computerName="WCS-DEMO01" duration="00:00:00.1963551" startTime="2013-05-07T15:51:39.9693180+01:00" endTime="2013-05-07T15:51:40.1568156+01:00" testType="13cdc9d9-ddb5-4fa4-a97d-d965ccfc6d4b" outcome="Passed" testListId="8c84fa94-04c1-424b-9868-57a2d4851a1d" relativeResultsDirectory="1913f774-d30b-4dfd-a603-caec7006814a">
    </UnitTestResult>
    <UnitTestResult executionId="75d53566-3c35-44e8-839b-3090f31bae6f" testId="b8398a0a-8a70-1a54-ca66-d60fcfed232d" testName="BedWithMrsaPatientAdmittedThisMorningShouldHavePositiveMrsaStatus" computerName="WCS-DEMO01" duration="00:00:00.2066118" startTime="2013-05-07T15:51:40.1724404+01:00" endTime="2013-05-07T15:51:40.3755628+01:00" testType="13cdc9d9-ddb5-4fa4-a97d-d965ccfc6d4b" outcome="Passed" testListId="8c84fa94-04c1-424b-9868-57a2d4851a1d" relativeResultsDirectory="75d53566-3c35-44e8-839b-3090f31bae6f">
    </UnitTestResult>
    <UnitTestResult executionId="3a33f792-f617-4176-bb09-f01bc4b62320" testId="f6e6002e-b898-9c6f-c8b7-21e24965b8a3" testName="BedWithTwoAdmissionsTodayShouldHaveAvailabilityBetweenThem" computerName="WCS-DEMO01" duration="00:00:00.2024393" startTime="2013-05-07T15:51:40.3755628+01:00" endTime="2013-05-07T15:51:40.5943100+01:00" testType="13cdc9d9-ddb5-4fa4-a97d-d965ccfc6d4b" outcome="Passed" testListId="8c84fa94-04c1-424b-9868-57a2d4851a1d" relativeResultsDirectory="3a33f792-f617-4176-bb09-f01bc4b62320">
    </UnitTestResult>
    <UnitTestResult executionId="ff56ba7c-8cff-4204-b09b-27f3317ceade" testId="65d5eac2-32cb-d2ae-fd45-4b45373c887e" testName="CheckBedWeKnowIsARadiationRiskTest" computerName="WCS-DEMO01" duration="00:00:00.3249826" startTime="2013-05-07T15:51:40.5943100+01:00" endTime="2013-05-07T15:51:40.9224308+01:00" testType="13cdc9d9-ddb5-4fa4-a97d-d965ccfc6d4b" outcome="Passed" testListId="8c84fa94-04c1-424b-9868-57a2d4851a1d" relativeResultsDirectory="ff56ba7c-8cff-4204-b09b-27f3317ceade">
    </UnitTestResult>
    <UnitTestResult executionId="2a9dcda7-044b-47f8-a045-c1ae64341b59" testId="83bcbc0b-361b-e46e-9078-10b2342962a1" testName="CheckEstimatedDischargeDateTest" computerName="WCS-DEMO01" duration="00:00:00.5713278" startTime="2013-05-07T15:51:40.9380556+01:00" endTime="2013-05-07T15:51:41.5005484+01:00" testType="13cdc9d9-ddb5-4fa4-a97d-d965ccfc6d4b" outcome="Passed" testListId="8c84fa94-04c1-424b-9868-57a2d4851a1d" relativeResultsDirectory="2a9dcda7-044b-47f8-a045-c1ae64341b59">
    </UnitTestResult>
    <UnitTestResult executionId="94de2b54-828d-4d67-bb02-8c4f34181f69" testId="703caea2-6165-0939-d3ef-9b61c5e6abff" testName="DeleteNoteFailTest" computerName="WCS-DEMO01" duration="00:00:00.4757464" startTime="2013-05-07T15:51:41.5161732+01:00" endTime="2013-05-07T15:51:42.0005420+01:00" testType="13cdc9d9-ddb5-4fa4-a97d-d965ccfc6d4b" outcome="Passed" testListId="8c84fa94-04c1-424b-9868-57a2d4851a1d" relativeResultsDirectory="94de2b54-828d-4d67-bb02-8c4f34181f69">
    </UnitTestResult>
    <UnitTestResult executionId="6279b72f-3410-499f-b1f4-6db2ac91b620" testId="16c84594-d480-7fae-20c2-e012b3376244" testName="GetAllFreeBedTimesForDateTest" computerName="WCS-DEMO01" duration="00:00:01.0833449" startTime="2013-05-07T15:51:42.0005420+01:00" endTime="2013-05-07T15:51:43.0942780+01:00" testType="13cdc9d9-ddb5-4fa4-a97d-d965ccfc6d4b" outcome="Passed" testListId="8c84fa94-04c1-424b-9868-57a2d4851a1d" relativeResultsDirectory="6279b72f-3410-499f-b1f4-6db2ac91b620">
    </UnitTestResult>
    <UnitTestResult executionId="43aebf24-1d87-4192-be19-91f607db2639" testId="1398ab92-924d-163f-bfbc-a6f5fe0e5f5b" testName="MarkBedAsCleanDirtyTest" computerName="WCS-DEMO01" duration="00:00:00.6479536" startTime="2013-05-07T15:51:43.0942780+01:00" endTime="2013-05-07T15:51:43.7505196+01:00" testType="13cdc9d9-ddb5-4fa4-a97d-d965ccfc6d4b" outcome="Passed" testListId="8c84fa94-04c1-424b-9868-57a2d4851a1d" relativeResultsDirectory="43aebf24-1d87-4192-be19-91f607db2639">
    </UnitTestResult>
    <UnitTestResult executionId="b41e7f2b-3d16-47ba-86ef-c8cba0e0b06b" testId="ba15989c-8180-569b-80a6-97e9754ff77a" testName="PerformanceTest" computerName="WCS-DEMO01" duration="00:00:00.2189685" startTime="2013-05-07T15:51:43.7661444+01:00" endTime="2013-05-07T15:51:43.9848916+01:00" testType="13cdc9d9-ddb5-4fa4-a97d-d965ccfc6d4b" outcome="Passed" testListId="8c84fa94-04c1-424b-9868-57a2d4851a1d" relativeResultsDirectory="b41e7f2b-3d16-47ba-86ef-c8cba0e0b06b">
    </UnitTestResult>
    <UnitTestResult executionId="46afe793-9aa0-4c46-b690-4458ecc19eec" testId="7492517c-1d5e-2736-e8bf-432ea9c7d970" testName="ClearTest" computerName="WCS-DEMO01" duration="00:00:00.0034186" startTime="2013-05-07T15:51:43.9848916+01:00" endTime="2013-05-07T15:51:44.0005164+01:00" testType="13cdc9d9-ddb5-4fa4-a97d-d965ccfc6d4b" outcome="Passed" testListId="8c84fa94-04c1-424b-9868-57a2d4851a1d" relativeResultsDirectory="46afe793-9aa0-4c46-b690-4458ecc19eec">
    </UnitTestResult>
    <UnitTestResult executionId="e253e3dc-02d3-4b95-a0f9-67f71b62b403" testId="301daa25-1239-07c8-189c-e2e8bf397e49" testName="IsSetMultipleTest" computerName="WCS-DEMO01" duration="00:00:00.0061420" startTime="2013-05-07T15:51:44.0005164+01:00" endTime="2013-05-07T15:51:44.0005164+01:00" testType="13cdc9d9-ddb5-4fa4-a97d-d965ccfc6d4b" outcome="Passed" testListId="8c84fa94-04c1-424b-9868-57a2d4851a1d" relativeResultsDirectory="e253e3dc-02d3-4b95-a0f9-67f71b62b403">
    </UnitTestResult>
    <UnitTestResult executionId="2ccf3226-3862-44b2-b71e-c9fc061a6f26" testId="26f93875-1d21-0229-f2f4-3637c209cbf2" testName="IsSetTest" computerName="WCS-DEMO01" duration="00:00:00.0026671" startTime="2013-05-07T15:51:44.0161412+01:00" endTime="2013-05-07T15:51:44.0161412+01:00" testType="13cdc9d9-ddb5-4fa4-a97d-d965ccfc6d4b" outcome="Passed" testListId="8c84fa94-04c1-424b-9868-57a2d4851a1d" relativeResultsDirectory="2ccf3226-3862-44b2-b71e-c9fc061a6f26">
    </UnitTestResult>
    <UnitTestResult executionId="b685c1b2-bc19-4e95-a8d7-15ac23d9954d" testId="f0f46ff5-bf96-8082-2169-1050721c806e" testName="ToggleTest" computerName="WCS-DEMO01" duration="00:00:00.0028261" startTime="2013-05-07T15:51:44.0161412+01:00" endTime="2013-05-07T15:51:44.0161412+01:00" testType="13cdc9d9-ddb5-4fa4-a97d-d965ccfc6d4b" outcome="Passed" testListId="8c84fa94-04c1-424b-9868-57a2d4851a1d" relativeResultsDirectory="b685c1b2-bc19-4e95-a8d7-15ac23d9954d">
    </UnitTestResult>
    <UnitTestResult executionId="0275138a-2bf4-4088-8b5b-15de220a6923" testId="cc1ce465-d746-70be-3add-9bf2f1ef0704" testName="GetConfigurationsTest" computerName="WCS-DEMO01" duration="00:00:00.2211748" startTime="2013-05-07T15:51:44.0317660+01:00" endTime="2013-05-07T15:51:44.2505132+01:00" testType="13cdc9d9-ddb5-4fa4-a97d-d965ccfc6d4b" outcome="Passed" testListId="8c84fa94-04c1-424b-9868-57a2d4851a1d" relativeResultsDirectory="0275138a-2bf4-4088-8b5b-15de220a6923">
    </UnitTestResult>
    <UnitTestResult executionId="be43c50c-2abd-4310-b802-938f8de563d2" testId="23e97091-2ff8-3ecc-cebd-0b2b7d0dcc31" testName="GetLatestPollingTimeoutsTest" computerName="WCS-DEMO01" duration="00:00:00.3545180" startTime="2013-05-07T15:51:44.2505132+01:00" endTime="2013-05-07T15:51:44.6098836+01:00" testType="13cdc9d9-ddb5-4fa4-a97d-d965ccfc6d4b" outcome="Passed" testListId="8c84fa94-04c1-424b-9868-57a2d4851a1d" relativeResultsDirectory="be43c50c-2abd-4310-b802-938f8de563d2">
      <Output>
        <StdErr>log4net:ERROR XmlConfigurator: Failed to parse config file. Is the &lt;configSections&gt; specified as: &lt;section name="log4net" type="log4net.Config.Log4NetConfigurationSectionHandler,log4net, Version=1.2.10.0, Culture=neutral, PublicKeyToken=737bc70442f2c4af" /&gt;
System.Configuration.ConfigurationErrorsException: An error occurred creating the configuration section handler for log4net: Could not load type 'log4net.Config.Log4NetConfigurationSectionHandler' from assembly 'System.Configuration, Version=4.0.0.0, Culture=neutral, PublicKeyToken=b03f5f7f11d50a3a'. (C:\TFS\WCS\Content\Code\Database\WcsDB\DeploymentBatchFiles\TestResults\Administrator_WCS-DEMO01 2013-05-07 15_51_33\Out\WCS.Services.Test.DLL.config line 4) ---&gt; System.TypeLoadException: Could not load type 'log4net.Config.Log4NetConfigurationSectionHandler' from assembly 'System.Configuration, Version=4.0.0.0, Culture=neutral, PublicKeyToken=b03f5f7f11d50a3a'.
   at System.Configuration.TypeUtil.GetTypeWithReflectionPermission(IInternalConfigHost host, String typeString, Boolean throwOnError)
   at System.Configuration.RuntimeConfigurationRecord.RuntimeConfigurationFactory.Init(RuntimeConfigurationRecord configRecord, FactoryRecord factoryRecord)
   at System.Configuration.RuntimeConfigurationRecord.RuntimeConfigurationFactory.InitWithRestrictedPermissions(RuntimeConfigurationRecord configRecord, FactoryRecord factoryRecord)
   at System.Configuration.RuntimeConfigurationRecord.CreateSectionFactory(FactoryRecord factoryRecord)
   at System.Configuration.BaseConfigurationRecord.FindAndEnsureFactoryRecord(String configKey, Boolean&amp; isRootDeclaredHere)
   --- End of inner exception stack trace ---
   at System.Configuration.BaseConfigurationRecord.FindAndEnsureFactoryRecord(String configKey, Boolean&amp; isRootDeclaredHere)
   at System.Configuration.BaseConfigurationRecord.GetSectionRecursive(String configKey, Boolean getLkg, Boolean checkPermission, Boolean getRuntimeObject, Boolean requestIsHere, Object&amp; result, Object&amp; resultRuntimeObject)
   at System.Configuration.BaseConfigurationRecord.GetSection(String configKey)
   at System.Configuration.ClientConfigurationSystem.System.Configuration.Internal.IInternalConfigSystem.GetSection(String sectionName)
   at System.Configuration.ConfigurationManager.GetSection(String sectionName)
   at log4net.Config.XmlConfigurator.Configure(ILoggerRepository repository)</StdErr>
        <DebugTrace>log4net:ERROR XmlConfigurator: Failed to parse config file. Is the &lt;configSections&gt; specified as: &lt;section name="log4net" type="log4net.Config.Log4NetConfigurationSectionHandler,log4net, Version=1.2.10.0, Culture=neutral, PublicKeyToken=737bc70442f2c4af" /&gt;
System.Configuration.ConfigurationErrorsException: An error occurred creating the configuration section handler for log4net: Could not load type 'log4net.Config.Log4NetConfigurationSectionHandler' from assembly 'System.Configuration, Version=4.0.0.0, Culture=neutral, PublicKeyToken=b03f5f7f11d50a3a'. (C:\TFS\WCS\Content\Code\Database\WcsDB\DeploymentBatchFiles\TestResults\Administrator_WCS-DEMO01 2013-05-07 15_51_33\Out\WCS.Services.Test.DLL.config line 4) ---&gt; System.TypeLoadException: Could not load type 'log4net.Config.Log4NetConfigurationSectionHandler' from assembly 'System.Configuration, Version=4.0.0.0, Culture=neutral, PublicKeyToken=b03f5f7f11d50a3a'.
   at System.Configuration.TypeUtil.GetTypeWithReflectionPermission(IInternalConfigHost host, String typeString, Boolean throwOnError)
   at System.Configuration.RuntimeConfigurationRecord.RuntimeConfigurationFactory.Init(RuntimeConfigurationRecord configRecord, FactoryRecord factoryRecord)
   at System.Configuration.RuntimeConfigurationRecord.RuntimeConfigurationFactory.InitWithRestrictedPermissions(RuntimeConfigurationRecord configRecord, FactoryRecord factoryRecord)
   at System.Configuration.RuntimeConfigurationRecord.CreateSectionFactory(FactoryRecord factoryRecord)
   at System.Configuration.BaseConfigurationRecord.FindAndEnsureFactoryRecord(String configKey, Boolean&amp; isRootDeclaredHere)
   --- End of inner exception stack trace ---
   at System.Configuration.BaseConfigurationRecord.FindAndEnsureFactoryRecord(String configKey, Boolean&amp; isRootDeclaredHere)
   at System.Configuration.BaseConfigurationRecord.GetSectionRecursive(String configKey, Boolean getLkg, Boolean checkPermission, Boolean getRuntimeObject, Boolean requestIsHere, Object&amp; result, Object&amp; resultRuntimeObject)
   at System.Configuration.BaseConfigurationRecord.GetSection(String configKey)
   at System.Configuration.ClientConfigurationSystem.System.Configuration.Internal.IInternalConfigSystem.GetSection(String sectionName)
   at System.Configuration.ConfigurationManager.GetSection(String sectionName)
   at log4net.Config.XmlConfigurator.Configure(ILoggerRepository repository)
</DebugTrace>
      </Output>
    </UnitTestResult>
    <UnitTestResult executionId="ba863e86-9b03-4f82-99c6-ad1b5c438cdc" testId="9b8d40e2-a4bb-0826-a917-2ab891e698a4" testName="NotificationTypeToVisibilityConverterTest" computerName="WCS-DEMO01" duration="00:00:00.0267847" startTime="2013-05-07T15:51:44.6255084+01:00" endTime="2013-05-07T15:51:44.6567580+01:00" testType="13cdc9d9-ddb5-4fa4-a97d-d965ccfc6d4b" outcome="Passed" testListId="8c84fa94-04c1-424b-9868-57a2d4851a1d" relativeResultsDirectory="ba863e86-9b03-4f82-99c6-ad1b5c438cdc">
    </UnitTestResult>
    <UnitTestResult executionId="b543e831-3829-49af-9faa-7e69d03b6d24" testId="e77a3200-2992-57c3-5b1a-5d48c5a58186" testName="InsertRfidDetectionsThatShouldHaveHappenedByNow" computerName="WCS-DEMO01" duration="00:00:03.7300970" startTime="2013-05-07T15:51:44.6567580+01:00" endTime="2013-05-07T15:51:48.3910852+01:00" testType="13cdc9d9-ddb5-4fa4-a97d-d965ccfc6d4b" outcome="Passed" testListId="8c84fa94-04c1-424b-9868-57a2d4851a1d" relativeResultsDirectory="b543e831-3829-49af-9faa-7e69d03b6d24">
    </UnitTestResult>
    <UnitTestResult executionId="b0ac414a-720d-4ede-847b-018c8e761431" testId="7c77a401-1bd8-0cca-c942-1457767d92c8" testName="MarkBedsAsCleanDemoData" computerName="WCS-DEMO01" duration="00:00:02.7396099" startTime="2013-05-07T15:51:48.4067100+01:00" endTime="2013-05-07T15:51:51.1410500+01:00" testType="13cdc9d9-ddb5-4fa4-a97d-d965ccfc6d4b" outcome="Passed" testListId="8c84fa94-04c1-424b-9868-57a2d4851a1d" relativeResultsDirectory="b0ac414a-720d-4ede-847b-018c8e761431">
    </UnitTestResult>
    <UnitTestResult executionId="1fcfbc57-ad64-44f8-803f-b2a38c3b2776" testId="d500072f-2be3-fbbe-20e2-24855874311e" testName="SetORDN008ToHappenSoonForDemo" computerName="WCS-DEMO01" duration="00:00:00.2882232" startTime="2013-05-07T15:51:51.1410500+01:00" endTime="2013-05-07T15:51:51.4379212+01:00" testType="13cdc9d9-ddb5-4fa4-a97d-d965ccfc6d4b" outcome="Passed" testListId="8c84fa94-04c1-424b-9868-57a2d4851a1d" relativeResultsDirectory="1fcfbc57-ad64-44f8-803f-b2a38c3b2776">
    </UnitTestResult>
    <UnitTestResult executionId="1a1ae3cd-618f-49a4-8262-68024cc5915e" testId="147579d1-0816-7d01-6737-d0c879871a05" testName="FilterByAdmissionStatusTest" computerName="WCS-DEMO01" duration="00:00:00.2249949" startTime="2013-05-07T15:51:51.4379212+01:00" endTime="2013-05-07T15:51:51.6722932+01:00" testType="13cdc9d9-ddb5-4fa4-a97d-d965ccfc6d4b" outcome="Passed" testListId="8c84fa94-04c1-424b-9868-57a2d4851a1d" relativeResultsDirectory="1a1ae3cd-618f-49a4-8262-68024cc5915e">
    </UnitTestResult>
    <UnitTestResult executionId="bee13de8-fdf8-41f8-a0cd-1781f96bf982" testId="62824bc3-7f37-c130-ae0b-5298764213da" testName="FilterByAdmissionTypeTest" computerName="WCS-DEMO01" duration="00:00:00.0060849" startTime="2013-05-07T15:51:51.6722932+01:00" endTime="2013-05-07T15:51:51.6879180+01:00" testType="13cdc9d9-ddb5-4fa4-a97d-d965ccfc6d4b" outcome="Passed" testListId="8c84fa94-04c1-424b-9868-57a2d4851a1d" relativeResultsDirectory="bee13de8-fdf8-41f8-a0cd-1781f96bf982">
    </UnitTestResult>
    <UnitTestResult executionId="229fc636-3a68-4895-8eb2-0a74df1434d7" testId="94a7e3d7-1537-ec4c-f18f-0881118cd982" testName="FilterByLocationTest" computerName="WCS-DEMO01" duration="00:00:00.0055285" startTime="2013-05-07T15:51:51.6879180+01:00" endTime="2013-05-07T15:51:51.7035428+01:00" testType="13cdc9d9-ddb5-4fa4-a97d-d965ccfc6d4b" outcome="Passed" testListId="8c84fa94-04c1-424b-9868-57a2d4851a1d" relativeResultsDirectory="229fc636-3a68-4895-8eb2-0a74df1434d7">
    </UnitTestResult>
    <UnitTestResult executionId="2a4a4dee-a0e3-4420-b44b-ab916f3a3059" testId="1ceadb69-45fb-9717-0bfb-587b493621bd" testName="FilterByOrderStatusTest" computerName="WCS-DEMO01" duration="00:00:00.0988721" startTime="2013-05-07T15:51:51.7035428+01:00" endTime="2013-05-07T15:51:51.7972916+01:00" testType="13cdc9d9-ddb5-4fa4-a97d-d965ccfc6d4b" outcome="Passed" testListId="8c84fa94-04c1-424b-9868-57a2d4851a1d" relativeResultsDirectory="2a4a4dee-a0e3-4420-b44b-ab916f3a3059">
    </UnitTestResult>
    <UnitTestResult executionId="d23563fc-734b-4296-bee4-a4a4136626b2" testId="b6528b9d-e903-1b26-d4c9-51bbd40b6112" testName="FilterByOrderStatusWithHiddenFlagTest" computerName="WCS-DEMO01" duration="00:00:00.0563449" startTime="2013-05-07T15:51:51.8129164+01:00" endTime="2013-05-07T15:51:51.8597908+01:00" testType="13cdc9d9-ddb5-4fa4-a97d-d965ccfc6d4b" outcome="Passed" testListId="8c84fa94-04c1-424b-9868-57a2d4851a1d" relativeResultsDirectory="d23563fc-734b-4296-bee4-a4a4136626b2">
    </UnitTestResult>
    <UnitTestResult executionId="df876e62-9061-418e-9ce6-7d7404e4248e" testId="7c8c2656-5bd9-c7fe-d42d-102cc5d7d271" testName="GetPresenceDataTest" computerName="WCS-DEMO01" duration="00:00:00.3379231" startTime="2013-05-07T15:51:51.8754156+01:00" endTime="2013-05-07T15:51:52.2035364+01:00" testType="13cdc9d9-ddb5-4fa4-a97d-d965ccfc6d4b" outcome="Passed" testListId="8c84fa94-04c1-424b-9868-57a2d4851a1d" relativeResultsDirectory="df876e62-9061-418e-9ce6-7d7404e4248e">
    </UnitTestResult>
    <UnitTestResult executionId="5270d1bf-ae5d-4a06-a185-20a466ceaa40" testId="180c2d50-017b-40d1-084e-d7b311e765f7" testName="GetAllFreeBedTimesForDateTest" computerName="WCS-DEMO01" duration="00:00:00.4761131" startTime="2013-05-07T15:51:52.2191612+01:00" endTime="2013-05-07T15:51:52.7035300+01:00" testType="13cdc9d9-ddb5-4fa4-a97d-d965ccfc6d4b" outcome="Passed" testListId="8c84fa94-04c1-424b-9868-57a2d4851a1d" relativeResultsDirectory="5270d1bf-ae5d-4a06-a185-20a466ceaa40">
    </UnitTestResult>
    <UnitTestResult executionId="aefbe50c-c925-4e12-a3a6-675e7948d42b" testId="adca6ef4-26ca-d134-e987-7c004554926e" testName="GetAllGetDischargesBedDataTest" computerName="WCS-DEMO01" duration="00:00:00.0916331" startTime="2013-05-07T15:51:52.7035300+01:00" endTime="2013-05-07T15:51:52.7972788+01:00" testType="13cdc9d9-ddb5-4fa4-a97d-d965ccfc6d4b" outcome="Passed" testListId="8c84fa94-04c1-424b-9868-57a2d4851a1d" relativeResultsDirectory="aefbe50c-c925-4e12-a3a6-675e7948d42b">
    </UnitTestResult>
    <UnitTestResult executionId="f388c3b4-f3f9-4206-a9c4-37e46705e905" testId="3c343507-d1e1-44ae-6f0c-5e13d4222c04" testName="UpdatingEstimatedDischargeDateShouldCreateAnUpdateRecordTest" computerName="WCS-DEMO01" duration="00:00:00.1209112" startTime="2013-05-07T15:51:52.8129036+01:00" endTime="2013-05-07T15:51:52.9379020+01:00" testType="13cdc9d9-ddb5-4fa4-a97d-d965ccfc6d4b" outcome="Passed" testListId="8c84fa94-04c1-424b-9868-57a2d4851a1d" relativeResultsDirectory="f388c3b4-f3f9-4206-a9c4-37e46705e905">
    </UnitTestResult>
    <UnitTestResult executionId="4b51248c-5aa3-4aa1-bbd3-e3bba8feec2a" testId="ac28ed18-7833-2249-071f-de031c631001" testName="AcknowledgeNotificationTest" computerName="WCS-DEMO01" duration="00:00:00.2094992" startTime="2013-05-07T15:51:52.9379020+01:00" endTime="2013-05-07T15:51:53.1566492+01:00" testType="13cdc9d9-ddb5-4fa4-a97d-d965ccfc6d4b" outcome="Passed" testListId="8c84fa94-04c1-424b-9868-57a2d4851a1d" relativeResultsDirectory="4b51248c-5aa3-4aa1-bbd3-e3bba8feec2a">
    </UnitTestResult>
    <UnitTestResult executionId="d18d4393-adbb-4611-b99f-bef1d4b99ecb" testId="a212e1f0-7bc2-05c6-61d7-b8fcde1c7c77" testName="AddDeleteNoteTest" computerName="WCS-DEMO01" duration="00:00:00.2338746" startTime="2013-05-07T15:51:53.1566492+01:00" endTime="2013-05-07T15:51:53.3910212+01:00" testType="13cdc9d9-ddb5-4fa4-a97d-d965ccfc6d4b" outcome="Passed" testListId="8c84fa94-04c1-424b-9868-57a2d4851a1d" relativeResultsDirectory="d18d4393-adbb-4611-b99f-bef1d4b99ecb">
    </UnitTestResult>
    <UnitTestResult executionId="8cd80f64-06ed-4b48-95b8-a0f40a866a08" testId="3691d567-a2db-4db2-56d6-acf052542f7c" testName="CheckEmergencyRoomOrderTest" computerName="WCS-DEMO01" duration="00:00:00.1785271" startTime="2013-05-07T15:51:53.4066460+01:00" endTime="2013-05-07T15:51:53.5941436+01:00" testType="13cdc9d9-ddb5-4fa4-a97d-d965ccfc6d4b" outcome="Passed" testListId="8c84fa94-04c1-424b-9868-57a2d4851a1d" relativeResultsDirectory="8cd80f64-06ed-4b48-95b8-a0f40a866a08">
    </UnitTestResult>
    <UnitTestResult executionId="dac27f2d-566b-4ebe-a5c1-c66286ea94f0" testId="d4ebea90-2572-8675-7029-24a6b9f7912f" testName="CheckOrdersForPatientWithTwoAdmissionsTest" computerName="WCS-DEMO01" duration="00:00:00.3647156" startTime="2013-05-07T15:51:53.5941436+01:00" endTime="2013-05-07T15:51:53.9535140+01:00" testType="13cdc9d9-ddb5-4fa4-a97d-d965ccfc6d4b" outcome="Passed" testListId="8c84fa94-04c1-424b-9868-57a2d4851a1d" relativeResultsDirectory="dac27f2d-566b-4ebe-a5c1-c66286ea94f0">
    </UnitTestResult>
    <UnitTestResult executionId="bca436c4-0156-4908-ac61-c689df9fa093" testId="5d2f9417-1f36-e1be-26e0-1ddd5ac50a01" testName="CheckPatientRadiationRiskTest" computerName="WCS-DEMO01" duration="00:00:01.1162311" startTime="2013-05-07T15:51:53.9691388+01:00" endTime="2013-05-07T15:51:55.0941244+01:00" testType="13cdc9d9-ddb5-4fa4-a97d-d965ccfc6d4b" outcome="Passed" testListId="8c84fa94-04c1-424b-9868-57a2d4851a1d" relativeResultsDirectory="bca436c4-0156-4908-ac61-c689df9fa093">
    </UnitTestResult>
    <UnitTestResult executionId="dcb62856-43c4-4f01-9453-445fcbf79505" testId="2ed6a8bd-1f45-d715-61c1-545276912be4" testName="DeleteNoteFailTest" computerName="WCS-DEMO01" duration="00:00:00.2081535" startTime="2013-05-07T15:51:55.0941244+01:00" endTime="2013-05-07T15:51:55.3128716+01:00" testType="13cdc9d9-ddb5-4fa4-a97d-d965ccfc6d4b" outcome="Passed" testListId="8c84fa94-04c1-424b-9868-57a2d4851a1d" relativeResultsDirectory="dcb62856-43c4-4f01-9453-445fcbf79505">
    </UnitTestResult>
    <UnitTestResult executionId="8cea7dcd-96a1-48ab-a31f-fcdfb664f9d9" testId="90b6d056-82b8-5748-e91c-81b6feec3e65" testName="GetOrdersForAllLocationsTest" computerName="WCS-DEMO01" duration="00:00:00.2140242" startTime="2013-05-07T15:51:55.3128716+01:00" endTime="2013-05-07T15:51:55.5316188+01:00" testType="13cdc9d9-ddb5-4fa4-a97d-d965ccfc6d4b" outcome="Passed" testListId="8c84fa94-04c1-424b-9868-57a2d4851a1d" relativeResultsDirectory="8cea7dcd-96a1-48ab-a31f-fcdfb664f9d9">
    </UnitTestResult>
    <UnitTestResult executionId="63f6be8f-2440-4084-a8c9-35a898e77fe8" testId="6acbb951-eb71-fb99-8ddf-ab7f75a91729" testName="GetOrdersForOneDepartmentTest" computerName="WCS-DEMO01" duration="00:00:00.3615017" startTime="2013-05-07T15:51:55.5316188+01:00" endTime="2013-05-07T15:51:55.9066140+01:00" testType="13cdc9d9-ddb5-4fa4-a97d-d965ccfc6d4b" outcome="Passed" testListId="8c84fa94-04c1-424b-9868-57a2d4851a1d" relativeResultsDirectory="63f6be8f-2440-4084-a8c9-35a898e77fe8">
    </UnitTestResult>
    <UnitTestResult executionId="408f6bde-2257-44f0-8dbb-4065e43bfa9b" testId="fd0a1761-2fa5-6106-02d8-2b29836676e9" testName="GetOrdersForOneWardTest" computerName="WCS-DEMO01" duration="00:00:00.2939994" startTime="2013-05-07T15:51:55.9066140+01:00" endTime="2013-05-07T15:51:56.2034852+01:00" testType="13cdc9d9-ddb5-4fa4-a97d-d965ccfc6d4b" outcome="Passed" testListId="8c84fa94-04c1-424b-9868-57a2d4851a1d" relativeResultsDirectory="408f6bde-2257-44f0-8dbb-4065e43bfa9b">
    </UnitTestResult>
    <UnitTestResult executionId="1df0f4b8-651b-4215-8ccc-742134daf446" testId="706b359a-a6a6-75cb-07b9-35e158a1398a" testName="HideUnhideOrderTest" computerName="WCS-DEMO01" duration="00:00:00.4180124" startTime="2013-05-07T15:51:56.2191100+01:00" endTime="2013-05-07T15:51:56.6409796+01:00" testType="13cdc9d9-ddb5-4fa4-a97d-d965ccfc6d4b" outcome="Passed" testListId="8c84fa94-04c1-424b-9868-57a2d4851a1d" relativeResultsDirectory="1df0f4b8-651b-4215-8ccc-742134daf446">
    </UnitTestResult>
    <UnitTestResult executionId="0cc589bf-8925-4f4a-b2d7-34f5d9e1c946" testId="01b49734-9a95-3356-f525-6254544b49b4" testName="LookAtOrderInDetailTest" computerName="WCS-DEMO01" duration="00:00:00.2772264" startTime="2013-05-07T15:51:56.6409796+01:00" endTime="2013-05-07T15:51:56.9222260+01:00" testType="13cdc9d9-ddb5-4fa4-a97d-d965ccfc6d4b" outcome="Passed" testListId="8c84fa94-04c1-424b-9868-57a2d4851a1d" relativeResultsDirectory="0cc589bf-8925-4f4a-b2d7-34f5d9e1c946">
    </UnitTestResult>
    <UnitTestResult executionId="12dbfb52-7f10-40cf-b6ed-af0e85dc14f0" testId="aa578b34-4332-1a73-0f9c-1cecca014087" testName="RelatedOrdersTest" computerName="WCS-DEMO01" duration="00:00:00.1809345" startTime="2013-05-07T15:51:56.9222260+01:00" endTime="2013-05-07T15:51:57.1097236+01:00" testType="13cdc9d9-ddb5-4fa4-a97d-d965ccfc6d4b" outcome="Passed" testListId="8c84fa94-04c1-424b-9868-57a2d4851a1d" relativeResultsDirectory="12dbfb52-7f10-40cf-b6ed-af0e85dc14f0">
    </UnitTestResult>
    <UnitTestResult executionId="57e08355-0179-4543-8db0-b318beabe2a7" testId="5ee44f0b-f581-d009-1bb2-ef38afd0bdc0" testName="UpdateProcedureTimeTest" computerName="WCS-DEMO01" duration="00:00:00.2020409" startTime="2013-05-07T15:51:57.1253484+01:00" endTime="2013-05-07T15:51:57.3284708+01:00" testType="13cdc9d9-ddb5-4fa4-a97d-d965ccfc6d4b" outcome="Passed" testListId="8c84fa94-04c1-424b-9868-57a2d4851a1d" relativeResultsDirectory="57e08355-0179-4543-8db0-b318beabe2a7">
    </UnitTestResult>
    <UnitTestResult executionId="4ccae30c-b0d8-4b6d-8b0a-0fd88e29e7b7" testId="86000e48-b18e-94a0-5184-f2457dcc7ac6" testName="SyncronizeAndThenUpdateProcedureTimeTest" computerName="WCS-DEMO01" duration="00:00:02.0240134" startTime="2013-05-07T15:51:57.3284708+01:00" endTime="2013-05-07T15:51:59.3596948+01:00" testType="13cdc9d9-ddb5-4fa4-a97d-d965ccfc6d4b" outcome="Failed" testListId="8c84fa94-04c1-424b-9868-57a2d4851a1d" relativeResultsDirectory="4ccae30c-b0d8-4b6d-8b0a-0fd88e29e7b7">
      <Output>
        <ErrorInfo>
          <Message>Assert.AreNotEqual failed. Expected any value except:&lt;12:00:00&gt;. Actual:&lt;12:00:00&gt;. </Message>
          <StackTrace>   at WCS.Services.Test.OrderViewModelTest.SyncronizeAndThenUpdateProcedureTimeTest() in c:\TFS\WCS\Content\Code\Server\WCS.Services.Test\ViewModel\OrderViewModelTest.cs:line 112
</StackTrace>
        </ErrorInfo>
      </Output>
    </UnitTestResult>
    <UnitTestResult executionId="772183c4-b662-4fad-963c-0972d0f510d0" testId="7a7a3263-10ac-0d9d-dc5c-c34b5219adf5" testName="SyncronizeProcedureTimeTest" computerName="WCS-DEMO01" duration="00:00:00.0067038" startTime="2013-05-07T15:51:59.3596948+01:00" endTime="2013-05-07T15:51:59.3753196+01:00" testType="13cdc9d9-ddb5-4fa4-a97d-d965ccfc6d4b" outcome="Passed" testListId="8c84fa94-04c1-424b-9868-57a2d4851a1d" relativeResultsDirectory="772183c4-b662-4fad-963c-0972d0f510d0">
      <Output>
        <DebugTrace>Start Time: 14:00:00
</DebugTrace>
      </Output>
    </UnitTestResult>
    <UnitTestResult executionId="33140a4c-9f76-4686-bd95-4a02935c43cd" testId="aed6e57c-8ae5-1ec4-7df4-be7cb9a3ba60" testName="SyncronizeTest" computerName="WCS-DEMO01" duration="00:00:00.0060739" startTime="2013-05-07T15:51:59.3909444+01:00" endTime="2013-05-07T15:51:59.4065692+01:00" testType="13cdc9d9-ddb5-4fa4-a97d-d965ccfc6d4b" outcome="Passed" testListId="8c84fa94-04c1-424b-9868-57a2d4851a1d" relativeResultsDirectory="33140a4c-9f76-4686-bd95-4a02935c43cd">
    </UnitTestResult>
    <UnitTestResult executionId="a857f316-ba85-40a0-9a2e-539c0fbbd144" testId="dd302f63-b65f-08ec-a43e-ed2d5c5fa0d5" testName="UpdateProcedureTimeTest" computerName="WCS-DEMO01" duration="00:00:01.9975935" startTime="2013-05-07T15:51:59.4065692+01:00" endTime="2013-05-07T15:52:01.4065436+01:00" testType="13cdc9d9-ddb5-4fa4-a97d-d965ccfc6d4b" outcome="Failed" testListId="8c84fa94-04c1-424b-9868-57a2d4851a1d" relativeResultsDirectory="a857f316-ba85-40a0-9a2e-539c0fbbd144">
      <Output>
        <ErrorInfo>
          <Message>Assert.AreEqual failed. Expected:&lt;12:00:00&gt;. Actual:&lt;14:00:00&gt;. </Message>
          <StackTrace>   at WCS.Services.Test.OrderViewModelTest.UpdateProcedureTimeTest() in c:\TFS\WCS\Content\Code\Server\WCS.Services.Test\ViewModel\OrderViewModelTest.cs:line 77
</StackTrace>
        </ErrorInfo>
      </Output>
    </UnitTestResult>
    <UnitTestResult executionId="5f4bef79-527b-45c6-b6df-94534d5d584c" testId="9fd5787b-1fba-b8fb-7877-005945c878de" testName="UpdateProcedureTimeWithSyncronizationDuringUpdateTest" computerName="WCS-DEMO01" duration="00:00:00.1870166" startTime="2013-05-07T15:52:01.4065436+01:00" endTime="2013-05-07T15:52:01.6096660+01:00" testType="13cdc9d9-ddb5-4fa4-a97d-d965ccfc6d4b" outcome="Failed" testListId="8c84fa94-04c1-424b-9868-57a2d4851a1d" relativeResultsDirectory="5f4bef79-527b-45c6-b6df-94534d5d584c">
      <Output>
        <DebugTrace>Start Time: 16:00:00
</DebugTrace>
        <ErrorInfo>
          <Message>Assert.AreNotEqual failed. Expected any value except:&lt;16:00:00&gt;. Actual:&lt;16:00:00&gt;. </Message>
          <StackTrace>   at WCS.Services.Test.OrderViewModelTest.UpdateProcedureTimeWithSyncronizationDuringUpdateTest() in c:\TFS\WCS\Content\Code\Server\WCS.Services.Test\ViewModel\OrderViewModelTest.cs:line 151
</StackTrace>
        </ErrorInfo>
      </Output>
    </UnitTestResult>
    <UnitTestResult executionId="e13689fe-7b8a-4e2a-bd4e-3c223258de0c" testId="08de56d0-12bd-2f75-df12-b0e872d63c53" testName="PAT001RfidTest" computerName="WCS-DEMO01" duration="00:00:00.4730864" startTime="2013-05-07T15:52:01.6096660+01:00" endTime="2013-05-07T15:52:02.0940348+01:00" testType="13cdc9d9-ddb5-4fa4-a97d-d965ccfc6d4b" outcome="Passed" testListId="8c84fa94-04c1-424b-9868-57a2d4851a1d" relativeResultsDirectory="e13689fe-7b8a-4e2a-bd4e-3c223258de0c">
    </UnitTestResult>
    <UnitTestResult executionId="1a6c6d2b-820f-47b8-b02c-a8b8b815ce64" testId="ca4b34fe-1f28-609f-1b42-a878fd7e8bbf" testName="AuthenticateFailTest" computerName="WCS-DEMO01" duration="00:00:00.0518251" startTime="2013-05-07T15:52:02.0940348+01:00" endTime="2013-05-07T15:52:02.1565340+01:00" testType="13cdc9d9-ddb5-4fa4-a97d-d965ccfc6d4b" outcome="Passed" testListId="8c84fa94-04c1-424b-9868-57a2d4851a1d" relativeResultsDirectory="1a6c6d2b-820f-47b8-b02c-a8b8b815ce64">
    </UnitTestResult>
    <UnitTestResult executionId="3156163e-e7ef-4524-b578-0ed563b03f3c" testId="0a57bcbb-7ab6-367a-6f83-d95617eecd13" testName="AuthenticateSuccessTest" computerName="WCS-DEMO01" duration="00:00:00.0102462" startTime="2013-05-07T15:52:02.1565340+01:00" endTime="2013-05-07T15:52:02.1721588+01:00" testType="13cdc9d9-ddb5-4fa4-a97d-d965ccfc6d4b" outcome="Passed" testListId="8c84fa94-04c1-424b-9868-57a2d4851a1d" relativeResultsDirectory="3156163e-e7ef-4524-b578-0ed563b03f3c">
    </UnitTestResult>
    <UnitTestResult executionId="c58043e5-5e30-4f2c-8f40-7ed7e03148f7" testId="b165b39e-5b0c-abea-5b39-75b39d4ee541" testName="NoteOutTest" computerName="WCS-DEMO01" duration="00:00:00.0065786" startTime="2013-05-07T15:52:02.1721588+01:00" endTime="2013-05-07T15:52:02.1877836+01:00" testType="13cdc9d9-ddb5-4fa4-a97d-d965ccfc6d4b" outcome="Passed" testListId="8c84fa94-04c1-424b-9868-57a2d4851a1d" relativeResultsDirectory="c58043e5-5e30-4f2c-8f40-7ed7e03148f7">
    </UnitTestResult>
    <UnitTestResult executionId="8c743f23-78cc-43fe-be1e-04ee0ace6d74" testId="807586a3-dd80-e35a-be55-8a7820ed2e2a" testName="OrderCompletedTest" computerName="WCS-DEMO01" duration="00:00:00.0024591" startTime="2013-05-07T15:52:02.1877836+01:00" endTime="2013-05-07T15:52:02.2034084+01:00" testType="13cdc9d9-ddb5-4fa4-a97d-d965ccfc6d4b" outcome="Passed" testListId="8c84fa94-04c1-424b-9868-57a2d4851a1d" relativeResultsDirectory="8c743f23-78cc-43fe-be1e-04ee0ace6d74">
    </UnitTestResult>
    <UnitTestResult executionId="e980288e-018d-40fd-86f4-323f5d20e001" testId="de2cd584-4eca-b743-8342-64583efb12aa" testName="FilterByLocationTest" computerName="WCS-DEMO01" duration="00:00:00.0704433" startTime="2013-05-07T15:52:02.2034084+01:00" endTime="2013-05-07T15:52:02.2815324+01:00" testType="13cdc9d9-ddb5-4fa4-a97d-d965ccfc6d4b" outcome="Passed" testListId="8c84fa94-04c1-424b-9868-57a2d4851a1d" relativeResultsDirectory="e980288e-018d-40fd-86f4-323f5d20e001">
    </UnitTestResult>
    <UnitTestResult executionId="e813c9ae-b87c-4c04-9ac6-1913be3d9fa1" testId="b0e39bf3-43ea-a19c-d6f5-eff49b5d247c" testName="FilterByOrderStatusTest" computerName="WCS-DEMO01" duration="00:00:00.0993110" startTime="2013-05-07T15:52:02.2815324+01:00" endTime="2013-05-07T15:52:02.3909060+01:00" testType="13cdc9d9-ddb5-4fa4-a97d-d965ccfc6d4b" outcome="Passed" testListId="8c84fa94-04c1-424b-9868-57a2d4851a1d" relativeResultsDirectory="e813c9ae-b87c-4c04-9ac6-1913be3d9fa1">
    </UnitTestResult>
    <UnitTestResult executionId="d8bf4b6a-0790-4fcb-bbd7-607c0c159f9a" testId="6035bdea-c63f-c9fd-76c4-96ad98562066" testName="FilterByOrderStatusWithHiddenFlagTest" computerName="WCS-DEMO01" duration="00:00:00.0952870" startTime="2013-05-07T15:52:02.3909060+01:00" endTime="2013-05-07T15:52:02.5002796+01:00" testType="13cdc9d9-ddb5-4fa4-a97d-d965ccfc6d4b" outcome="Passed" testListId="8c84fa94-04c1-424b-9868-57a2d4851a1d" relativeResultsDirectory="d8bf4b6a-0790-4fcb-bbd7-607c0c159f9a">
    </UnitTestResult>
  </Results>
</TestRun>